<?xml version="1.0" encoding="UTF-8"?>
<testsuite xmlns:xsi="http://www.w3.org/2001/XMLSchema-instance" xsi:noNamespaceSchemaLocation="https://maven.apache.org/surefire/maven-surefire-plugin/xsd/surefire-test-report.xsd" name="api.FitbitAPITest.FitbitAPICallbackTest" time="15.837" tests="1" errors="1" skipped="0" failures="0">
  <properties>
[...]
</properties>
  <testcase name="test" classname="api.FitbitAPITest.FitbitAPICallbackTest" time="0.003">
    <error message="Failed to load ApplicationContext" type="java.lang.IllegalStateException">java.lang.IllegalStateException: Failed to load ApplicationContext
Caused by: org.springframework.beans.factory.UnsatisfiedDependencyException: Error creating bean with name 'entityManagerFactory' defined in class path resource [org/springframework/boot/autoconfigure/orm/jpa/HibernateJpaConfiguration.class]: Unsatisfied dependency expressed through method 'entityManagerFactory' parameter 0; nested exception is org.springframework.beans.factory.UnsatisfiedDependencyException: Error creating bean with name 'entityManagerFactoryBuilder' defined in class path resource [org/springframework/boot/autoconfigure/orm/jpa/HibernateJpaConfiguration.class]: Unsatisfied dependency expressed through method 'entityManagerFactoryBuilder' parameter 0; nested exception is org.springframework.beans.factory.BeanCreationException: Error creating bean with name 'jpaVendorAdapter' defined in class path resource [org/springframework/boot/autoconfigure/orm/jpa/HibernateJpaConfiguration.class]: Bean instantiation via factory method failed; nested exception is org.springframework.beans.BeanInstantiationException: Failed to instantiate [org.springframework.orm.jpa.JpaVendorAdapter]: Factory method 'jpaVendorAdapter' threw exception; nested exception is org.springframework.beans.factory.BeanCreationException: Error creating bean with name 'scopedTarget.dataSource' defined in class path resource [org/springframework/boot/autoconfigure/jdbc/DataSourceConfiguration$Hikari.class]: Bean instantiation via factory method failed; nested exception is org.springframework.beans.BeanInstantiationException: Failed to instantiate [com.zaxxer.hikari.HikariDataSource]: Factory method 'dataSource' threw exception; nested exception is org.springframework.boot.autoconfigure.jdbc.DataSourceProperties$DataSourceBeanCreationException: Failed to determine a suitable driver class
Caused by: org.springframework.beans.factory.UnsatisfiedDependencyException: Error creating bean with name 'entityManagerFactoryBuilder' defined in class path resource [org/springframework/boot/autoconfigure/orm/jpa/HibernateJpaConfiguration.class]: Unsatisfied dependency expressed through method 'entityManagerFactoryBuilder' parameter 0; nested exception is org.springframework.beans.factory.BeanCreationException: Error creating bean with name 'jpaVendorAdapter' defined in class path resource [org/springframework/boot/autoconfigure/orm/jpa/HibernateJpaConfiguration.class]: Bean instantiation via factory method failed; nested exception is org.springframework.beans.BeanInstantiationException: Failed to instantiate [org.springframework.orm.jpa.JpaVendorAdapter]: Factory method 'jpaVendorAdapter' threw exception; nested exception is org.springframework.beans.factory.BeanCreationException: Error creating bean with name 'scopedTarget.dataSource' defined in class path resource [org/springframework/boot/autoconfigure/jdbc/DataSourceConfiguration$Hikari.class]: Bean instantiation via factory method failed; nested exception is org.springframework.beans.BeanInstantiationException: Failed to instantiate [com.zaxxer.hikari.HikariDataSource]: Factory method 'dataSource' threw exception; nested exception is org.springframework.boot.autoconfigure.jdbc.DataSourceProperties$DataSourceBeanCreationException: Failed to determine a suitable driver class
Caused by: org.springframework.beans.factory.BeanCreationException: Error creating bean with name 'jpaVendorAdapter' defined in class path resource [org/springframework/boot/autoconfigure/orm/jpa/HibernateJpaConfiguration.class]: Bean instantiation via factory method failed; nested exception is org.springframework.beans.BeanInstantiationException: Failed to instantiate [org.springframework.orm.jpa.JpaVendorAdapter]: Factory method 'jpaVendorAdapter' threw exception; nested exception is org.springframework.beans.factory.BeanCreationException: Error creating bean with name 'scopedTarget.dataSource' defined in class path resource [org/springframework/boot/autoconfigure/jdbc/DataSourceConfiguration$Hikari.class]: Bean instantiation via factory method failed; nested exception is org.springframework.beans.BeanInstantiationException: Failed to instantiate [com.zaxxer.hikari.HikariDataSource]: Factory method 'dataSource' threw exception; nested exception is org.springframework.boot.autoconfigure.jdbc.DataSourceProperties$DataSourceBeanCreationException: Failed to determine a suitable driver class
Caused by: org.springframework.beans.BeanInstantiationException: Failed to instantiate [org.springframework.orm.jpa.JpaVendorAdapter]: Factory method 'jpaVendorAdapter' threw exception; nested exception is org.springframework.beans.factory.BeanCreationException: Error creating bean with name 'scopedTarget.dataSource' defined in class path resource [org/springframework/boot/autoconfigure/jdbc/DataSourceConfiguration$Hikari.class]: Bean instantiation via factory method failed; nested exception is org.springframework.beans.BeanInstantiationException: Failed to instantiate [com.zaxxer.hikari.HikariDataSource]: Factory method 'dataSource' threw exception; nested exception is org.springframework.boot.autoconfigure.jdbc.DataSourceProperties$DataSourceBeanCreationException: Failed to determine a suitable driver class
Caused by: org.springframework.beans.factory.BeanCreationException: Error creating bean with name 'scopedTarget.dataSource' defined in class path resource [org/springframework/boot/autoconfigure/jdbc/DataSourceConfiguration$Hikari.class]: Bean instantiation via factory method failed; nested exception is org.springframework.beans.BeanInstantiationException: Failed to instantiate [com.zaxxer.hikari.HikariDataSource]: Factory method 'dataSource' threw exception; nested exception is org.springframework.boot.autoconfigure.jdbc.DataSourceProperties$DataSourceBeanCreationException: Failed to determine a suitable driver class
Caused by: org.springframework.beans.BeanInstantiationException: Failed to instantiate [com.zaxxer.hikari.HikariDataSource]: Factory method 'dataSource' threw exception; nested exception is org.springframework.boot.autoconfigure.jdbc.DataSourceProperties$DataSourceBeanCreationException: Failed to determine a suitable driver class
Caused by: org.springframework.boot.autoconfigure.jdbc.DataSourceProperties$DataSourceBeanCreationException: Failed to determine a suitable driver class
</error>
    <system-out><![CDATA[00:28:32.950 [main] DEBUG org.springframework.test.context.junit4.SpringJUnit4ClassRunner - SpringJUnit4ClassRunner constructor called with [class api.FitbitAPITest.FitbitAPICallbackTest]
00:28:32.959 [main] DEBUG org.springframework.test.context.BootstrapUtils - Instantiating CacheAwareContextLoaderDelegate from class [org.springframework.test.context.cache.DefaultCacheAwareContextLoaderDelegate]
00:28:32.971 [main] DEBUG org.springframework.test.context.BootstrapUtils - Instantiating BootstrapContext using constructor [public org.springframework.test.context.support.DefaultBootstrapContext(java.lang.Class,org.springframework.test.context.CacheAwareContextLoaderDelegate)]
00:28:33.003 [main] DEBUG org.springframework.test.context.BootstrapUtils - Instantiating TestContextBootstrapper for test class [api.FitbitAPITest.FitbitAPICallbackTest] from class [org.springframework.boot.test.context.SpringBootTestContextBootstrapper]
00:28:33.031 [main] INFO org.springframework.boot.test.context.SpringBootTestContextBootstrapper - Neither @ContextConfiguration nor @ContextHierarchy found for test class [api.FitbitAPITest.FitbitAPICallbackTest], using SpringBootContextLoader
00:28:33.038 [main] DEBUG org.springframework.test.context.support.AbstractContextLoader - Did not detect default resource location for test class [api.FitbitAPITest.FitbitAPICallbackTest]: class path resource [api/FitbitAPITest/FitbitAPICallbackTest-context.xml] does not exist
00:28:33.038 [main] DEBUG org.springframework.test.context.support.AbstractContextLoader - Did not detect default resource location for test class [api.FitbitAPITest.FitbitAPICallbackTest]: class path resource [api/FitbitAPITest/FitbitAPICallbackTestContext.groovy] does not exist
00:28:33.038 [main] INFO org.springframework.test.context.support.AbstractContextLoader - Could not detect default resource locations for test class [api.FitbitAPITest.FitbitAPICallbackTest]: no resource found for suffixes {-context.xml, Context.groovy}.
00:28:33.040 [main] INFO org.springframework.test.context.support.AnnotationConfigContextLoaderUtils - Could not detect default configuration classes for test class [api.FitbitAPITest.FitbitAPICallbackTest]: FitbitAPICallbackTest does not declare any static, non-private, non-final, nested classes annotated with @Configuration.
00:28:33.116 [main] DEBUG org.springframework.test.context.support.ActiveProfilesUtils - Could not find an 'annotation declaring class' for annotation type [org.springframework.test.context.ActiveProfiles] and class [api.FitbitAPITest.FitbitAPICallbackTest]
00:28:33.129 [main] DEBUG org.springframework.core.env.StandardEnvironment - Adding PropertySource 'systemProperties' with lowest search precedence
00:28:33.129 [main] DEBUG org.springframework.core.env.StandardEnvironment - Adding PropertySource 'systemEnvironment' with lowest search precedence
00:28:33.131 [main] DEBUG org.springframework.core.env.StandardEnvironment - Initialized StandardEnvironment with PropertySources [MapPropertySource@148912029 {name='systemProperties', properties={java.runtime.name=Java(TM) SE Runtime Environment, sun.boot.library.path=/Library/Java/JavaVirtualMachines/jdk1.8.0_144.jdk/Contents/Home/jre/lib, java.vm.version=25.144-b01, gopherProxySet=false, java.vm.vendor=Oracle Corporation, java.vendor.url=http://java.oracle.com/, path.separator=:, java.vm.name=Java HotSpot(TM) 64-Bit Server VM, file.encoding.pkg=sun.io, user.country=US, sun.java.launcher=SUN_STANDARD, sun.os.patch.level=unknown, java.vm.specification.name=Java Virtual Machine Specification, user.dir=/Users/nsimsiri/Documents/code/web/sample-projects/strain-core/fitbit-web-service, java.runtime.version=1.8.0_144-b01, basedir=/Users/nsimsiri/Documents/code/web/sample-projects/strain-core/fitbit-web-service, java.awt.graphicsenv=sun.awt.CGraphicsEnvironment, java.endorsed.dirs=/Library/Java/JavaVirtualMachines/jdk1.8.0_144.jdk/Contents/Home/jre/lib/endorsed, os.arch=x86_64, surefire.real.class.path=/Users/nsimsiri/Documents/code/web/sample-projects/strain-core/fitbit-web-service/target/surefire/surefirebooter5852003307734977142.jar, java.io.tmpdir=/var/folders/nb/vh3_038j10j41hvg_tyfnlgh0000gn/T/, line.separator=
, java.vm.specification.vendor=Oracle Corporation, os.name=Mac OS X, sun.jnu.encoding=UTF-8, java.library.path=/Users/nsimsiri/Library/Java/Extensions:/Library/Java/Extensions:/Network/Library/Java/Extensions:/System/Library/Java/Extensions:/usr/lib/java:., surefire.test.class.path=/Users/nsimsiri/Documents/code/web/sample-projects/strain-core/fitbit-web-service/target/test-classes:/Users/nsimsiri/Documents/code/web/sample-projects/strain-core/fitbit-web-service/target/classes:/Users/nsimsiri/.m2/repository/org/springframework/cloud/spring-cloud-starter-netflix-eureka-client/2.0.0.RELEASE/spring-cloud-starter-netflix-eureka-client-2.0.0.RELEASE.jar:/Users/nsimsiri/.m2/repository/org/springframework/cloud/spring-cloud-starter/2.0.0.RELEASE/spring-cloud-starter-2.0.0.RELEASE.jar:/Users/nsimsiri/.m2/repository/org/springframework/cloud/spring-cloud-context/2.0.0.RELEASE/spring-cloud-context-2.0.0.RELEASE.jar:/Users/nsimsiri/.m2/repository/org/springframework/security/spring-security-crypto/5.0.6.RELEASE/spring-security-crypto-5.0.6.RELEASE.jar:/Users/nsimsiri/.m2/repository/org/springframework/cloud/spring-cloud-commons/2.0.0.RELEASE/spring-cloud-commons-2.0.0.RELEASE.jar:/Users/nsimsiri/.m2/repository/org/springframework/security/spring-security-rsa/1.0.5.RELEASE/spring-security-rsa-1.0.5.RELEASE.jar:/Users/nsimsiri/.m2/repository/org/bouncycastle/bcpkix-jdk15on/1.56/bcpkix-jdk15on-1.56.jar:/Users/nsimsiri/.m2/repository/org/bouncycastle/bcprov-jdk15on/1.56/bcprov-jdk15on-1.56.jar:/Users/nsimsiri/.m2/repository/org/springframework/cloud/spring-cloud-netflix-core/2.0.0.RELEASE/spring-cloud-netflix-core-2.0.0.RELEASE.jar:/Users/nsimsiri/.m2/repository/org/springframework/boot/spring-boot-autoconfigure/2.0.3.RELEASE/spring-boot-autoconfigure-2.0.3.RELEASE.jar:/Users/nsimsiri/.m2/repository/org/springframework/cloud/spring-cloud-netflix-eureka-client/2.0.0.RELEASE/spring-cloud-netflix-eureka-client-2.0.0.RELEASE.jar:/Users/nsimsiri/.m2/repository/com/netflix/eureka/eureka-client/1.9.2/eureka-client-1.9.2.jar:/Users/nsimsiri/.m2/repository/org/codehaus/jettison/jettison/1.3.7/jettison-1.3.7.jar:/Users/nsimsiri/.m2/repository/stax/stax-api/1.0.1/stax-api-1.0.1.jar:/Users/nsimsiri/.m2/repository/com/netflix/netflix-commons/netflix-eventbus/0.3.0/netflix-eventbus-0.3.0.jar:/Users/nsimsiri/.m2/repository/com/netflix/netflix-commons/netflix-infix/0.3.0/netflix-infix-0.3.0.jar:/Users/nsimsiri/.m2/repository/commons-jxpath/commons-jxpath/1.3/commons-jxpath-1.3.jar:/Users/nsimsiri/.m2/repository/joda-time/joda-time/2.9.9/joda-time-2.9.9.jar:/Users/nsimsiri/.m2/repository/org/antlr/antlr-runtime/3.4/antlr-runtime-3.4.jar:/Users/nsimsiri/.m2/repository/org/antlr/stringtemplate/3.2.1/stringtemplate-3.2.1.jar:/Users/nsimsiri/.m2/repository/com/google/code/gson/gson/2.8.5/gson-2.8.5.jar:/Users/nsimsiri/.m2/repository/org/apache/commons/commons-math/2.2/commons-math-2.2.jar:/Users/nsimsiri/.m2/repository/com/netflix/archaius/archaius-core/0.7.6/archaius-core-0.7.6.jar:/Users/nsimsiri/.m2/repository/com/google/guava/guava/16.0/guava-16.0.jar:/Users/nsimsiri/.m2/repository/javax/ws/rs/jsr311-api/1.1.1/jsr311-api-1.1.1.jar:/Users/nsimsiri/.m2/repository/com/netflix/servo/servo-core/0.12.21/servo-core-0.12.21.jar:/Users/nsimsiri/.m2/repository/com/sun/jersey/jersey-core/1.19.1/jersey-core-1.19.1.jar:/Users/nsimsiri/.m2/repository/com/sun/jersey/jersey-client/1.19.1/jersey-client-1.19.1.jar:/Users/nsimsiri/.m2/repository/com/sun/jersey/contribs/jersey-apache-client4/1.19.1/jersey-apache-client4-1.19.1.jar:/Users/nsimsiri/.m2/repository/com/google/inject/guice/4.1.0/guice-4.1.0.jar:/Users/nsimsiri/.m2/repository/javax/inject/javax.inject/1/javax.inject-1.jar:/Users/nsimsiri/.m2/repository/aopalliance/aopalliance/1.0/aopalliance-1.0.jar:/Users/nsimsiri/.m2/repository/com/github/vlsi/compactmap/compactmap/1.2.1/compactmap-1.2.1.jar:/Users/nsimsiri/.m2/repository/com/github/andrewoma/dexx/dexx-collections/0.2/dexx-collections-0.2.jar:/Users/nsimsiri/.m2/repository/com/fasterxml/jackson/core/jackson-annotations/2.9.0/jackson-annotations-2.9.0.jar:/Users/nsimsiri/.m2/repository/com/fasterxml/jackson/core/jackson-core/2.9.6/jackson-core-2.9.6.jar:/Users/nsimsiri/.m2/repository/com/netflix/eureka/eureka-core/1.9.2/eureka-core-1.9.2.jar:/Users/nsimsiri/.m2/repository/org/codehaus/woodstox/woodstox-core-asl/4.4.1/woodstox-core-asl-4.4.1.jar:/Users/nsimsiri/.m2/repository/javax/xml/stream/stax-api/1.0-2/stax-api-1.0-2.jar:/Users/nsimsiri/.m2/repository/org/codehaus/woodstox/stax2-api/3.1.4/stax2-api-3.1.4.jar:/Users/nsimsiri/.m2/repository/org/springframework/cloud/spring-cloud-starter-netflix-archaius/2.0.0.RELEASE/spring-cloud-starter-netflix-archaius-2.0.0.RELEASE.jar:/Users/nsimsiri/.m2/repository/org/springframework/cloud/spring-cloud-netflix-ribbon/2.0.0.RELEASE/spring-cloud-netflix-ribbon-2.0.0.RELEASE.jar:/Users/nsimsiri/.m2/repository/org/springframework/cloud/spring-cloud-netflix-archaius/2.0.0.RELEASE/spring-cloud-netflix-archaius-2.0.0.RELEASE.jar:/Users/nsimsiri/.m2/repository/commons-configuration/commons-configuration/1.8/commons-configuration-1.8.jar:/Users/nsimsiri/.m2/repository/commons-lang/commons-lang/2.6/commons-lang-2.6.jar:/Users/nsimsiri/.m2/repository/org/springframework/cloud/spring-cloud-starter-netflix-ribbon/2.0.0.RELEASE/spring-cloud-starter-netflix-ribbon-2.0.0.RELEASE.jar:/Users/nsimsiri/.m2/repository/com/netflix/ribbon/ribbon/2.2.5/ribbon-2.2.5.jar:/Users/nsimsiri/.m2/repository/com/netflix/ribbon/ribbon-transport/2.2.5/ribbon-transport-2.2.5.jar:/Users/nsimsiri/.m2/repository/io/reactivex/rxnetty-contexts/0.4.9/rxnetty-contexts-0.4.9.jar:/Users/nsimsiri/.m2/repository/io/reactivex/rxnetty-servo/0.4.9/rxnetty-servo-0.4.9.jar:/Users/nsimsiri/.m2/repository/com/netflix/hystrix/hystrix-core/1.5.12/hystrix-core-1.5.12.jar:/Users/nsimsiri/.m2/repository/org/hdrhistogram/HdrHistogram/2.1.9/HdrHistogram-2.1.9.jar:/Users/nsimsiri/.m2/repository/io/reactivex/rxnetty/0.4.9/rxnetty-0.4.9.jar:/Users/nsimsiri/.m2/repository/io/netty/netty-codec-http/4.1.25.Final/netty-codec-http-4.1.25.Final.jar:/Users/nsimsiri/.m2/repository/io/netty/netty-codec/4.1.25.Final/netty-codec-4.1.25.Final.jar:/Users/nsimsiri/.m2/repository/io/netty/netty-transport-native-epoll/4.1.25.Final/netty-transport-native-epoll-4.1.25.Final.jar:/Users/nsimsiri/.m2/repository/io/netty/netty-common/4.1.25.Final/netty-common-4.1.25.Final.jar:/Users/nsimsiri/.m2/repository/io/netty/netty-buffer/4.1.25.Final/netty-buffer-4.1.25.Final.jar:/Users/nsimsiri/.m2/repository/io/netty/netty-transport-native-unix-common/4.1.25.Final/netty-transport-native-unix-common-4.1.25.Final.jar:/Users/nsimsiri/.m2/repository/io/netty/netty-transport/4.1.25.Final/netty-transport-4.1.25.Final.jar:/Users/nsimsiri/.m2/repository/io/netty/netty-resolver/4.1.25.Final/netty-resolver-4.1.25.Final.jar:/Users/nsimsiri/.m2/repository/com/netflix/ribbon/ribbon-core/2.2.5/ribbon-core-2.2.5.jar:/Users/nsimsiri/.m2/repository/com/netflix/ribbon/ribbon-httpclient/2.2.5/ribbon-httpclient-2.2.5.jar:/Users/nsimsiri/.m2/repository/commons-collections/commons-collections/3.2.2/commons-collections-3.2.2.jar:/Users/nsimsiri/.m2/repository/com/netflix/netflix-commons/netflix-commons-util/0.3.0/netflix-commons-util-0.3.0.jar:/Users/nsimsiri/.m2/repository/com/netflix/ribbon/ribbon-loadbalancer/2.2.5/ribbon-loadbalancer-2.2.5.jar:/Users/nsimsiri/.m2/repository/com/netflix/netflix-commons/netflix-statistics/0.1.1/netflix-statistics-0.1.1.jar:/Users/nsimsiri/.m2/repository/io/reactivex/rxjava/1.3.8/rxjava-1.3.8.jar:/Users/nsimsiri/.m2/repository/com/netflix/ribbon/ribbon-eureka/2.2.5/ribbon-eureka-2.2.5.jar:/Users/nsimsiri/.m2/repository/org/slf4j/slf4j-api/1.7.25/slf4j-api-1.7.25.jar:/Users/nsimsiri/.m2/repository/com/thoughtworks/xstream/xstream/1.4.10/xstream-1.4.10.jar:/Users/nsimsiri/.m2/repository/xmlpull/xmlpull/1.1.3.1/xmlpull-1.1.3.1.jar:/Users/nsimsiri/.m2/repository/xpp3/xpp3_min/1.1.4c/xpp3_min-1.1.4c.jar:/Users/nsimsiri/.m2/repository/org/springframework/boot/spring-boot-starter-security/2.0.3.RELEASE/spring-boot-starter-security-2.0.3.RELEASE.jar:/Users/nsimsiri/.m2/repository/org/springframework/boot/spring-boot-starter/2.0.3.RELEASE/spring-boot-starter-2.0.3.RELEASE.jar:/Users/nsimsiri/.m2/repository/org/springframework/boot/spring-boot/2.0.3.RELEASE/spring-boot-2.0.3.RELEASE.jar:/Users/nsimsiri/.m2/repository/org/springframework/boot/spring-boot-starter-logging/2.0.3.RELEASE/spring-boot-starter-logging-2.0.3.RELEASE.jar:/Users/nsimsiri/.m2/repository/ch/qos/logback/logback-classic/1.2.3/logback-classic-1.2.3.jar:/Users/nsimsiri/.m2/repository/ch/qos/logback/logback-core/1.2.3/logback-core-1.2.3.jar:/Users/nsimsiri/.m2/repository/org/apache/logging/log4j/log4j-to-slf4j/2.10.0/log4j-to-slf4j-2.10.0.jar:/Users/nsimsiri/.m2/repository/org/apache/logging/log4j/log4j-api/2.10.0/log4j-api-2.10.0.jar:/Users/nsimsiri/.m2/repository/org/slf4j/jul-to-slf4j/1.7.25/jul-to-slf4j-1.7.25.jar:/Users/nsimsiri/.m2/repository/javax/annotation/javax.annotation-api/1.3.2/javax.annotation-api-1.3.2.jar:/Users/nsimsiri/.m2/repository/org/yaml/snakeyaml/1.19/snakeyaml-1.19.jar:/Users/nsimsiri/.m2/repository/org/springframework/spring-aop/5.0.7.RELEASE/spring-aop-5.0.7.RELEASE.jar:/Users/nsimsiri/.m2/repository/org/springframework/spring-beans/5.0.7.RELEASE/spring-beans-5.0.7.RELEASE.jar:/Users/nsimsiri/.m2/repository/org/springframework/security/spring-security-config/5.0.6.RELEASE/spring-security-config-5.0.6.RELEASE.jar:/Users/nsimsiri/.m2/repository/org/springframework/security/spring-security-core/5.0.6.RELEASE/spring-security-core-5.0.6.RELEASE.jar:/Users/nsimsiri/.m2/repository/org/springframework/security/spring-security-web/5.0.6.RELEASE/spring-security-web-5.0.6.RELEASE.jar:/Users/nsimsiri/.m2/repository/org/springframework/spring-expression/5.0.7.RELEASE/spring-expression-5.0.7.RELEASE.jar:/Users/nsimsiri/.m2/repository/org/postgresql/postgresql/42.2.2/postgresql-42.2.2.jar:/Users/nsimsiri/.m2/repository/org/springframework/boot/spring-boot-starter-data-jpa/2.0.3.RELEASE/spring-boot-starter-data-jpa-2.0.3.RELEASE.jar:/Users/nsimsiri/.m2/repository/org/springframework/boot/spring-boot-starter-aop/2.0.3.RELEASE/spring-boot-starter-aop-2.0.3.RELEASE.jar:/Users/nsimsiri/.m2/repository/org/aspectj/aspectjweaver/1.8.13/aspectjweaver-1.8.13.jar:/Users/nsimsiri/.m2/repository/org/springframework/boot/spring-boot-starter-jdbc/2.0.3.RELEASE/spring-boot-starter-jdbc-2.0.3.RELEASE.jar:/Users/nsimsiri/.m2/repository/com/zaxxer/HikariCP/2.7.9/HikariCP-2.7.9.jar:/Users/nsimsiri/.m2/repository/org/springframework/spring-jdbc/5.0.7.RELEASE/spring-jdbc-5.0.7.RELEASE.jar:/Users/nsimsiri/.m2/repository/org/hibernate/hibernate-core/5.2.17.Final/hibernate-core-5.2.17.Final.jar:/Users/nsimsiri/.m2/repository/org/jboss/logging/jboss-logging/3.3.2.Final/jboss-logging-3.3.2.Final.jar:/Users/nsimsiri/.m2/repository/org/hibernate/javax/persistence/hibernate-jpa-2.1-api/1.0.2.Final/hibernate-jpa-2.1-api-1.0.2.Final.jar:/Users/nsimsiri/.m2/repository/org/javassist/javassist/3.22.0-GA/javassist-3.22.0-GA.jar:/Users/nsimsiri/.m2/repository/antlr/antlr/2.7.7/antlr-2.7.7.jar:/Users/nsimsiri/.m2/repository/org/jboss/jandex/2.0.3.Final/jandex-2.0.3.Final.jar:/Users/nsimsiri/.m2/repository/com/fasterxml/classmate/1.3.4/classmate-1.3.4.jar:/Users/nsimsiri/.m2/repository/dom4j/dom4j/1.6.1/dom4j-1.6.1.jar:/Users/nsimsiri/.m2/repository/org/hibernate/common/hibernate-commons-annotations/5.0.1.Final/hibernate-commons-annotations-5.0.1.Final.jar:/Users/nsimsiri/.m2/repository/javax/transaction/javax.transaction-api/1.2/javax.transaction-api-1.2.jar:/Users/nsimsiri/.m2/repository/org/springframework/data/spring-data-jpa/2.0.8.RELEASE/spring-data-jpa-2.0.8.RELEASE.jar:/Users/nsimsiri/.m2/repository/org/springframework/data/spring-data-commons/2.0.8.RELEASE/spring-data-commons-2.0.8.RELEASE.jar:/Users/nsimsiri/.m2/repository/org/springframework/spring-orm/5.0.7.RELEASE/spring-orm-5.0.7.RELEASE.jar:/Users/nsimsiri/.m2/repository/org/springframework/spring-aspects/5.0.7.RELEASE/spring-aspects-5.0.7.RELEASE.jar:/Users/nsimsiri/.m2/repository/org/springframework/cloud/spring-cloud-starter-config/1.1.2.RELEASE/spring-cloud-starter-config-1.1.2.RELEASE.jar:/Users/nsimsiri/.m2/repository/org/springframework/cloud/spring-cloud-config-client/2.0.0.RELEASE/spring-cloud-config-client-2.0.0.RELEASE.jar:/Users/nsimsiri/.m2/repository/com/fasterxml/jackson/core/jackson-databind/2.9.6/jackson-databind-2.9.6.jar:/Users/nsimsiri/.m2/repository/org/dsfg/common/1.0-SNAPSHOT/common-1.0-SNAPSHOT.jar:/Users/nsimsiri/.m2/repository/org/springframework/boot/spring-boot-starter-web/2.0.3.RELEASE/spring-boot-starter-web-2.0.3.RELEASE.jar:/Users/nsimsiri/.m2/repository/org/springframework/boot/spring-boot-starter-json/2.0.3.RELEASE/spring-boot-starter-json-2.0.3.RELEASE.jar:/Users/nsimsiri/.m2/repository/com/fasterxml/jackson/datatype/jackson-datatype-jdk8/2.9.6/jackson-datatype-jdk8-2.9.6.jar:/Users/nsimsiri/.m2/repository/com/fasterxml/jackson/datatype/jackson-datatype-jsr310/2.9.6/jackson-datatype-jsr310-2.9.6.jar:/Users/nsimsiri/.m2/repository/com/fasterxml/jackson/module/jackson-module-parameter-names/2.9.6/jackson-module-parameter-names-2.9.6.jar:/Users/nsimsiri/.m2/repository/org/springframework/boot/spring-boot-starter-tomcat/2.0.3.RELEASE/spring-boot-starter-tomcat-2.0.3.RELEASE.jar:/Users/nsimsiri/.m2/repository/org/apache/tomcat/embed/tomcat-embed-core/8.5.31/tomcat-embed-core-8.5.31.jar:/Users/nsimsiri/.m2/repository/org/apache/tomcat/embed/tomcat-embed-el/8.5.31/tomcat-embed-el-8.5.31.jar:/Users/nsimsiri/.m2/repository/org/apache/tomcat/embed/tomcat-embed-websocket/8.5.31/tomcat-embed-websocket-8.5.31.jar:/Users/nsimsiri/.m2/repository/org/hibernate/validator/hibernate-validator/6.0.10.Final/hibernate-validator-6.0.10.Final.jar:/Users/nsimsiri/.m2/repository/javax/validation/validation-api/2.0.1.Final/validation-api-2.0.1.Final.jar:/Users/nsimsiri/.m2/repository/org/springframework/spring-web/5.0.7.RELEASE/spring-web-5.0.7.RELEASE.jar:/Users/nsimsiri/.m2/repository/org/springframework/spring-webmvc/5.0.7.RELEASE/spring-webmvc-5.0.7.RELEASE.jar:/Users/nsimsiri/.m2/repository/org/springframework/boot/spring-boot-starter-test/2.0.3.RELEASE/spring-boot-starter-test-2.0.3.RELEASE.jar:/Users/nsimsiri/.m2/repository/org/springframework/boot/spring-boot-test/2.0.3.RELEASE/spring-boot-test-2.0.3.RELEASE.jar:/Users/nsimsiri/.m2/repository/org/springframework/boot/spring-boot-test-autoconfigure/2.0.3.RELEASE/spring-boot-test-autoconfigure-2.0.3.RELEASE.jar:/Users/nsimsiri/.m2/repository/com/jayway/jsonpath/json-path/2.4.0/json-path-2.4.0.jar:/Users/nsimsiri/.m2/repository/net/minidev/json-smart/2.3/json-smart-2.3.jar:/Users/nsimsiri/.m2/repository/net/minidev/accessors-smart/1.2/accessors-smart-1.2.jar:/Users/nsimsiri/.m2/repository/org/ow2/asm/asm/5.0.4/asm-5.0.4.jar:/Users/nsimsiri/.m2/repository/junit/junit/4.12/junit-4.12.jar:/Users/nsimsiri/.m2/repository/org/assertj/assertj-core/3.9.1/assertj-core-3.9.1.jar:/Users/nsimsiri/.m2/repository/org/mockito/mockito-core/2.15.0/mockito-core-2.15.0.jar:/Users/nsimsiri/.m2/repository/net/bytebuddy/byte-buddy/1.7.11/byte-buddy-1.7.11.jar:/Users/nsimsiri/.m2/repository/net/bytebuddy/byte-buddy-agent/1.7.11/byte-buddy-agent-1.7.11.jar:/Users/nsimsiri/.m2/repository/org/objenesis/objenesis/2.6/objenesis-2.6.jar:/Users/nsimsiri/.m2/repository/org/hamcrest/hamcrest-core/1.3/hamcrest-core-1.3.jar:/Users/nsimsiri/.m2/repository/org/hamcrest/hamcrest-library/1.3/hamcrest-library-1.3.jar:/Users/nsimsiri/.m2/repository/org/skyscreamer/jsonassert/1.5.0/jsonassert-1.5.0.jar:/Users/nsimsiri/.m2/repository/com/vaadin/external/google/android-json/0.0.20131108.vaadin1/android-json-0.0.20131108.vaadin1.jar:/Users/nsimsiri/.m2/repository/org/springframework/spring-core/5.0.7.RELEASE/spring-core-5.0.7.RELEASE.jar:/Users/nsimsiri/.m2/repository/org/springframework/spring-jcl/5.0.7.RELEASE/spring-jcl-5.0.7.RELEASE.jar:/Users/nsimsiri/.m2/repository/org/springframework/spring-test/5.0.7.RELEASE/spring-test-5.0.7.RELEASE.jar:/Users/nsimsiri/.m2/repository/org/xmlunit/xmlunit-core/2.5.1/xmlunit-core-2.5.1.jar:/Users/nsimsiri/.m2/repository/org/springframework/kafka/spring-kafka/2.1.7.RELEASE/spring-kafka-2.1.7.RELEASE.jar:/Users/nsimsiri/.m2/repository/org/springframework/spring-context/5.0.7.RELEASE/spring-context-5.0.7.RELEASE.jar:/Users/nsimsiri/.m2/repository/org/springframework/spring-messaging/5.0.7.RELEASE/spring-messaging-5.0.7.RELEASE.jar:/Users/nsimsiri/.m2/repository/org/springframework/spring-tx/5.0.7.RELEASE/spring-tx-5.0.7.RELEASE.jar:/Users/nsimsiri/.m2/repository/org/springframework/retry/spring-retry/1.2.2.RELEASE/spring-retry-1.2.2.RELEASE.jar:/Users/nsimsiri/.m2/repository/org/apache/kafka/kafka-clients/1.0.1/kafka-clients-1.0.1.jar:/Users/nsimsiri/.m2/repository/org/lz4/lz4-java/1.4/lz4-java-1.4.jar:/Users/nsimsiri/.m2/repository/org/xerial/snappy/snappy-java/1.1.4/snappy-java-1.1.4.jar:/Users/nsimsiri/.m2/repository/org/apache/httpcomponents/httpclient/4.3.6/httpclient-4.3.6.jar:/Users/nsimsiri/.m2/repository/org/apache/httpcomponents/httpcore/4.4.9/httpcore-4.4.9.jar:/Users/nsimsiri/.m2/repository/commons-codec/commons-codec/1.11/commons-codec-1.11.jar:, java.specification.name=Java Platform API Specification, java.class.version=52.0, sun.management.compiler=HotSpot 64-Bit Tiered Compilers, os.version=10.12.6, http.nonProxyHosts=local|*.local|169.254/16|*.169.254/16, user.home=/Users/nsimsiri, user.timezone=America/New_York, java.awt.printerjob=sun.lwawt.macosx.CPrinterJob, file.encoding=UTF-8, java.specification.version=1.8, java.class.path=/Users/nsimsiri/Documents/code/web/sample-projects/strain-core/fitbit-web-service/target/test-classes:/Users/nsimsiri/Documents/code/web/sample-projects/strain-core/fitbit-web-service/target/classes:/Users/nsimsiri/.m2/repository/org/springframework/cloud/spring-cloud-starter-netflix-eureka-client/2.0.0.RELEASE/spring-cloud-starter-netflix-eureka-client-2.0.0.RELEASE.jar:/Users/nsimsiri/.m2/repository/org/springframework/cloud/spring-cloud-starter/2.0.0.RELEASE/spring-cloud-starter-2.0.0.RELEASE.jar:/Users/nsimsiri/.m2/repository/org/springframework/cloud/spring-cloud-context/2.0.0.RELEASE/spring-cloud-context-2.0.0.RELEASE.jar:/Users/nsimsiri/.m2/repository/org/springframework/security/spring-security-crypto/5.0.6.RELEASE/spring-security-crypto-5.0.6.RELEASE.jar:/Users/nsimsiri/.m2/repository/org/springframework/cloud/spring-cloud-commons/2.0.0.RELEASE/spring-cloud-commons-2.0.0.RELEASE.jar:/Users/nsimsiri/.m2/repository/org/springframework/security/spring-security-rsa/1.0.5.RELEASE/spring-security-rsa-1.0.5.RELEASE.jar:/Users/nsimsiri/.m2/repository/org/bouncycastle/bcpkix-jdk15on/1.56/bcpkix-jdk15on-1.56.jar:/Users/nsimsiri/.m2/repository/org/bouncycastle/bcprov-jdk15on/1.56/bcprov-jdk15on-1.56.jar:/Users/nsimsiri/.m2/repository/org/springframework/cloud/spring-cloud-netflix-core/2.0.0.RELEASE/spring-cloud-netflix-core-2.0.0.RELEASE.jar:/Users/nsimsiri/.m2/repository/org/springframework/boot/spring-boot-autoconfigure/2.0.3.RELEASE/spring-boot-autoconfigure-2.0.3.RELEASE.jar:/Users/nsimsiri/.m2/repository/org/springframework/cloud/spring-cloud-netflix-eureka-client/2.0.0.RELEASE/spring-cloud-netflix-eureka-client-2.0.0.RELEASE.jar:/Users/nsimsiri/.m2/repository/com/netflix/eureka/eureka-client/1.9.2/eureka-client-1.9.2.jar:/Users/nsimsiri/.m2/repository/org/codehaus/jettison/jettison/1.3.7/jettison-1.3.7.jar:/Users/nsimsiri/.m2/repository/stax/stax-api/1.0.1/stax-api-1.0.1.jar:/Users/nsimsiri/.m2/repository/com/netflix/netflix-commons/netflix-eventbus/0.3.0/netflix-eventbus-0.3.0.jar:/Users/nsimsiri/.m2/repository/com/netflix/netflix-commons/netflix-infix/0.3.0/netflix-infix-0.3.0.jar:/Users/nsimsiri/.m2/repository/commons-jxpath/commons-jxpath/1.3/commons-jxpath-1.3.jar:/Users/nsimsiri/.m2/repository/joda-time/joda-time/2.9.9/joda-time-2.9.9.jar:/Users/nsimsiri/.m2/repository/org/antlr/antlr-runtime/3.4/antlr-runtime-3.4.jar:/Users/nsimsiri/.m2/repository/org/antlr/stringtemplate/3.2.1/stringtemplate-3.2.1.jar:/Users/nsimsiri/.m2/repository/com/google/code/gson/gson/2.8.5/gson-2.8.5.jar:/Users/nsimsiri/.m2/repository/org/apache/commons/commons-math/2.2/commons-math-2.2.jar:/Users/nsimsiri/.m2/repository/com/netflix/archaius/archaius-core/0.7.6/archaius-core-0.7.6.jar:/Users/nsimsiri/.m2/repository/com/google/guava/guava/16.0/guava-16.0.jar:/Users/nsimsiri/.m2/repository/javax/ws/rs/jsr311-api/1.1.1/jsr311-api-1.1.1.jar:/Users/nsimsiri/.m2/repository/com/netflix/servo/servo-core/0.12.21/servo-core-0.12.21.jar:/Users/nsimsiri/.m2/repository/com/sun/jersey/jersey-core/1.19.1/jersey-core-1.19.1.jar:/Users/nsimsiri/.m2/repository/com/sun/jersey/jersey-client/1.19.1/jersey-client-1.19.1.jar:/Users/nsimsiri/.m2/repository/com/sun/jersey/contribs/jersey-apache-client4/1.19.1/jersey-apache-client4-1.19.1.jar:/Users/nsimsiri/.m2/repository/com/google/inject/guice/4.1.0/guice-4.1.0.jar:/Users/nsimsiri/.m2/repository/javax/inject/javax.inject/1/javax.inject-1.jar:/Users/nsimsiri/.m2/repository/aopalliance/aopalliance/1.0/aopalliance-1.0.jar:/Users/nsimsiri/.m2/repository/com/github/vlsi/compactmap/compactmap/1.2.1/compactmap-1.2.1.jar:/Users/nsimsiri/.m2/repository/com/github/andrewoma/dexx/dexx-collections/0.2/dexx-collections-0.2.jar:/Users/nsimsiri/.m2/repository/com/fasterxml/jackson/core/jackson-annotations/2.9.0/jackson-annotations-2.9.0.jar:/Users/nsimsiri/.m2/repository/com/fasterxml/jackson/core/jackson-core/2.9.6/jackson-core-2.9.6.jar:/Users/nsimsiri/.m2/repository/com/netflix/eureka/eureka-core/1.9.2/eureka-core-1.9.2.jar:/Users/nsimsiri/.m2/repository/org/codehaus/woodstox/woodstox-core-asl/4.4.1/woodstox-core-asl-4.4.1.jar:/Users/nsimsiri/.m2/repository/javax/xml/stream/stax-api/1.0-2/stax-api-1.0-2.jar:/Users/nsimsiri/.m2/repository/org/codehaus/woodstox/stax2-api/3.1.4/stax2-api-3.1.4.jar:/Users/nsimsiri/.m2/repository/org/springframework/cloud/spring-cloud-starter-netflix-archaius/2.0.0.RELEASE/spring-cloud-starter-netflix-archaius-2.0.0.RELEASE.jar:/Users/nsimsiri/.m2/repository/org/springframework/cloud/spring-cloud-netflix-ribbon/2.0.0.RELEASE/spring-cloud-netflix-ribbon-2.0.0.RELEASE.jar:/Users/nsimsiri/.m2/repository/org/springframework/cloud/spring-cloud-netflix-archaius/2.0.0.RELEASE/spring-cloud-netflix-archaius-2.0.0.RELEASE.jar:/Users/nsimsiri/.m2/repository/commons-configuration/commons-configuration/1.8/commons-configuration-1.8.jar:/Users/nsimsiri/.m2/repository/commons-lang/commons-lang/2.6/commons-lang-2.6.jar:/Users/nsimsiri/.m2/repository/org/springframework/cloud/spring-cloud-starter-netflix-ribbon/2.0.0.RELEASE/spring-cloud-starter-netflix-ribbon-2.0.0.RELEASE.jar:/Users/nsimsiri/.m2/repository/com/netflix/ribbon/ribbon/2.2.5/ribbon-2.2.5.jar:/Users/nsimsiri/.m2/repository/com/netflix/ribbon/ribbon-transport/2.2.5/ribbon-transport-2.2.5.jar:/Users/nsimsiri/.m2/repository/io/reactivex/rxnetty-contexts/0.4.9/rxnetty-contexts-0.4.9.jar:/Users/nsimsiri/.m2/repository/io/reactivex/rxnetty-servo/0.4.9/rxnetty-servo-0.4.9.jar:/Users/nsimsiri/.m2/repository/com/netflix/hystrix/hystrix-core/1.5.12/hystrix-core-1.5.12.jar:/Users/nsimsiri/.m2/repository/org/hdrhistogram/HdrHistogram/2.1.9/HdrHistogram-2.1.9.jar:/Users/nsimsiri/.m2/repository/io/reactivex/rxnetty/0.4.9/rxnetty-0.4.9.jar:/Users/nsimsiri/.m2/repository/io/netty/netty-codec-http/4.1.25.Final/netty-codec-http-4.1.25.Final.jar:/Users/nsimsiri/.m2/repository/io/netty/netty-codec/4.1.25.Final/netty-codec-4.1.25.Final.jar:/Users/nsimsiri/.m2/repository/io/netty/netty-transport-native-epoll/4.1.25.Final/netty-transport-native-epoll-4.1.25.Final.jar:/Users/nsimsiri/.m2/repository/io/netty/netty-common/4.1.25.Final/netty-common-4.1.25.Final.jar:/Users/nsimsiri/.m2/repository/io/netty/netty-buffer/4.1.25.Final/netty-buffer-4.1.25.Final.jar:/Users/nsimsiri/.m2/repository/io/netty/netty-transport-native-unix-common/4.1.25.Final/netty-transport-native-unix-common-4.1.25.Final.jar:/Users/nsimsiri/.m2/repository/io/netty/netty-transport/4.1.25.Final/netty-transport-4.1.25.Final.jar:/Users/nsimsiri/.m2/repository/io/netty/netty-resolver/4.1.25.Final/netty-resolver-4.1.25.Final.jar:/Users/nsimsiri/.m2/repository/com/netflix/ribbon/ribbon-core/2.2.5/ribbon-core-2.2.5.jar:/Users/nsimsiri/.m2/repository/com/netflix/ribbon/ribbon-httpclient/2.2.5/ribbon-httpclient-2.2.5.jar:/Users/nsimsiri/.m2/repository/commons-collections/commons-collections/3.2.2/commons-collections-3.2.2.jar:/Users/nsimsiri/.m2/repository/com/netflix/netflix-commons/netflix-commons-util/0.3.0/netflix-commons-util-0.3.0.jar:/Users/nsimsiri/.m2/repository/com/netflix/ribbon/ribbon-loadbalancer/2.2.5/ribbon-loadbalancer-2.2.5.jar:/Users/nsimsiri/.m2/repository/com/netflix/netflix-commons/netflix-statistics/0.1.1/netflix-statistics-0.1.1.jar:/Users/nsimsiri/.m2/repository/io/reactivex/rxjava/1.3.8/rxjava-1.3.8.jar:/Users/nsimsiri/.m2/repository/com/netflix/ribbon/ribbon-eureka/2.2.5/ribbon-eureka-2.2.5.jar:/Users/nsimsiri/.m2/repository/org/slf4j/slf4j-api/1.7.25/slf4j-api-1.7.25.jar:/Users/nsimsiri/.m2/repository/com/thoughtworks/xstream/xstream/1.4.10/xstream-1.4.10.jar:/Users/nsimsiri/.m2/repository/xmlpull/xmlpull/1.1.3.1/xmlpull-1.1.3.1.jar:/Users/nsimsiri/.m2/repository/xpp3/xpp3_min/1.1.4c/xpp3_min-1.1.4c.jar:/Users/nsimsiri/.m2/repository/org/springframework/boot/spring-boot-starter-security/2.0.3.RELEASE/spring-boot-starter-security-2.0.3.RELEASE.jar:/Users/nsimsiri/.m2/repository/org/springframework/boot/spring-boot-starter/2.0.3.RELEASE/spring-boot-starter-2.0.3.RELEASE.jar:/Users/nsimsiri/.m2/repository/org/springframework/boot/spring-boot/2.0.3.RELEASE/spring-boot-2.0.3.RELEASE.jar:/Users/nsimsiri/.m2/repository/org/springframework/boot/spring-boot-starter-logging/2.0.3.RELEASE/spring-boot-starter-logging-2.0.3.RELEASE.jar:/Users/nsimsiri/.m2/repository/ch/qos/logback/logback-classic/1.2.3/logback-classic-1.2.3.jar:/Users/nsimsiri/.m2/repository/ch/qos/logback/logback-core/1.2.3/logback-core-1.2.3.jar:/Users/nsimsiri/.m2/repository/org/apache/logging/log4j/log4j-to-slf4j/2.10.0/log4j-to-slf4j-2.10.0.jar:/Users/nsimsiri/.m2/repository/org/apache/logging/log4j/log4j-api/2.10.0/log4j-api-2.10.0.jar:/Users/nsimsiri/.m2/repository/org/slf4j/jul-to-slf4j/1.7.25/jul-to-slf4j-1.7.25.jar:/Users/nsimsiri/.m2/repository/javax/annotation/javax.annotation-api/1.3.2/javax.annotation-api-1.3.2.jar:/Users/nsimsiri/.m2/repository/org/yaml/snakeyaml/1.19/snakeyaml-1.19.jar:/Users/nsimsiri/.m2/repository/org/springframework/spring-aop/5.0.7.RELEASE/spring-aop-5.0.7.RELEASE.jar:/Users/nsimsiri/.m2/repository/org/springframework/spring-beans/5.0.7.RELEASE/spring-beans-5.0.7.RELEASE.jar:/Users/nsimsiri/.m2/repository/org/springframework/security/spring-security-config/5.0.6.RELEASE/spring-security-config-5.0.6.RELEASE.jar:/Users/nsimsiri/.m2/repository/org/springframework/security/spring-security-core/5.0.6.RELEASE/spring-security-core-5.0.6.RELEASE.jar:/Users/nsimsiri/.m2/repository/org/springframework/security/spring-security-web/5.0.6.RELEASE/spring-security-web-5.0.6.RELEASE.jar:/Users/nsimsiri/.m2/repository/org/springframework/spring-expression/5.0.7.RELEASE/spring-expression-5.0.7.RELEASE.jar:/Users/nsimsiri/.m2/repository/org/postgresql/postgresql/42.2.2/postgresql-42.2.2.jar:/Users/nsimsiri/.m2/repository/org/springframework/boot/spring-boot-starter-data-jpa/2.0.3.RELEASE/spring-boot-starter-data-jpa-2.0.3.RELEASE.jar:/Users/nsimsiri/.m2/repository/org/springframework/boot/spring-boot-starter-aop/2.0.3.RELEASE/spring-boot-starter-aop-2.0.3.RELEASE.jar:/Users/nsimsiri/.m2/repository/org/aspectj/aspectjweaver/1.8.13/aspectjweaver-1.8.13.jar:/Users/nsimsiri/.m2/repository/org/springframework/boot/spring-boot-starter-jdbc/2.0.3.RELEASE/spring-boot-starter-jdbc-2.0.3.RELEASE.jar:/Users/nsimsiri/.m2/repository/com/zaxxer/HikariCP/2.7.9/HikariCP-2.7.9.jar:/Users/nsimsiri/.m2/repository/org/springframework/spring-jdbc/5.0.7.RELEASE/spring-jdbc-5.0.7.RELEASE.jar:/Users/nsimsiri/.m2/repository/org/hibernate/hibernate-core/5.2.17.Final/hibernate-core-5.2.17.Final.jar:/Users/nsimsiri/.m2/repository/org/jboss/logging/jboss-logging/3.3.2.Final/jboss-logging-3.3.2.Final.jar:/Users/nsimsiri/.m2/repository/org/hibernate/javax/persistence/hibernate-jpa-2.1-api/1.0.2.Final/hibernate-jpa-2.1-api-1.0.2.Final.jar:/Users/nsimsiri/.m2/repository/org/javassist/javassist/3.22.0-GA/javassist-3.22.0-GA.jar:/Users/nsimsiri/.m2/repository/antlr/antlr/2.7.7/antlr-2.7.7.jar:/Users/nsimsiri/.m2/repository/org/jboss/jandex/2.0.3.Final/jandex-2.0.3.Final.jar:/Users/nsimsiri/.m2/repository/com/fasterxml/classmate/1.3.4/classmate-1.3.4.jar:/Users/nsimsiri/.m2/repository/dom4j/dom4j/1.6.1/dom4j-1.6.1.jar:/Users/nsimsiri/.m2/repository/org/hibernate/common/hibernate-commons-annotations/5.0.1.Final/hibernate-commons-annotations-5.0.1.Final.jar:/Users/nsimsiri/.m2/repository/javax/transaction/javax.transaction-api/1.2/javax.transaction-api-1.2.jar:/Users/nsimsiri/.m2/repository/org/springframework/data/spring-data-jpa/2.0.8.RELEASE/spring-data-jpa-2.0.8.RELEASE.jar:/Users/nsimsiri/.m2/repository/org/springframework/data/spring-data-commons/2.0.8.RELEASE/spring-data-commons-2.0.8.RELEASE.jar:/Users/nsimsiri/.m2/repository/org/springframework/spring-orm/5.0.7.RELEASE/spring-orm-5.0.7.RELEASE.jar:/Users/nsimsiri/.m2/repository/org/springframework/spring-aspects/5.0.7.RELEASE/spring-aspects-5.0.7.RELEASE.jar:/Users/nsimsiri/.m2/repository/org/springframework/cloud/spring-cloud-starter-config/1.1.2.RELEASE/spring-cloud-starter-config-1.1.2.RELEASE.jar:/Users/nsimsiri/.m2/repository/org/springframework/cloud/spring-cloud-config-client/2.0.0.RELEASE/spring-cloud-config-client-2.0.0.RELEASE.jar:/Users/nsimsiri/.m2/repository/com/fasterxml/jackson/core/jackson-databind/2.9.6/jackson-databind-2.9.6.jar:/Users/nsimsiri/.m2/repository/org/dsfg/common/1.0-SNAPSHOT/common-1.0-SNAPSHOT.jar:/Users/nsimsiri/.m2/repository/org/springframework/boot/spring-boot-starter-web/2.0.3.RELEASE/spring-boot-starter-web-2.0.3.RELEASE.jar:/Users/nsimsiri/.m2/repository/org/springframework/boot/spring-boot-starter-json/2.0.3.RELEASE/spring-boot-starter-json-2.0.3.RELEASE.jar:/Users/nsimsiri/.m2/repository/com/fasterxml/jackson/datatype/jackson-datatype-jdk8/2.9.6/jackson-datatype-jdk8-2.9.6.jar:/Users/nsimsiri/.m2/repository/com/fasterxml/jackson/datatype/jackson-datatype-jsr310/2.9.6/jackson-datatype-jsr310-2.9.6.jar:/Users/nsimsiri/.m2/repository/com/fasterxml/jackson/module/jackson-module-parameter-names/2.9.6/jackson-module-parameter-names-2.9.6.jar:/Users/nsimsiri/.m2/repository/org/springframework/boot/spring-boot-starter-tomcat/2.0.3.RELEASE/spring-boot-starter-tomcat-2.0.3.RELEASE.jar:/Users/nsimsiri/.m2/repository/org/apache/tomcat/embed/tomcat-embed-core/8.5.31/tomcat-embed-core-8.5.31.jar:/Users/nsimsiri/.m2/repository/org/apache/tomcat/embed/tomcat-embed-el/8.5.31/tomcat-embed-el-8.5.31.jar:/Users/nsimsiri/.m2/repository/org/apache/tomcat/embed/tomcat-embed-websocket/8.5.31/tomcat-embed-websocket-8.5.31.jar:/Users/nsimsiri/.m2/repository/org/hibernate/validator/hibernate-validator/6.0.10.Final/hibernate-validator-6.0.10.Final.jar:/Users/nsimsiri/.m2/repository/javax/validation/validation-api/2.0.1.Final/validation-api-2.0.1.Final.jar:/Users/nsimsiri/.m2/repository/org/springframework/spring-web/5.0.7.RELEASE/spring-web-5.0.7.RELEASE.jar:/Users/nsimsiri/.m2/repository/org/springframework/spring-webmvc/5.0.7.RELEASE/spring-webmvc-5.0.7.RELEASE.jar:/Users/nsimsiri/.m2/repository/org/springframework/boot/spring-boot-starter-test/2.0.3.RELEASE/spring-boot-starter-test-2.0.3.RELEASE.jar:/Users/nsimsiri/.m2/repository/org/springframework/boot/spring-boot-test/2.0.3.RELEASE/spring-boot-test-2.0.3.RELEASE.jar:/Users/nsimsiri/.m2/repository/org/springframework/boot/spring-boot-test-autoconfigure/2.0.3.RELEASE/spring-boot-test-autoconfigure-2.0.3.RELEASE.jar:/Users/nsimsiri/.m2/repository/com/jayway/jsonpath/json-path/2.4.0/json-path-2.4.0.jar:/Users/nsimsiri/.m2/repository/net/minidev/json-smart/2.3/json-smart-2.3.jar:/Users/nsimsiri/.m2/repository/net/minidev/accessors-smart/1.2/accessors-smart-1.2.jar:/Users/nsimsiri/.m2/repository/org/ow2/asm/asm/5.0.4/asm-5.0.4.jar:/Users/nsimsiri/.m2/repository/junit/junit/4.12/junit-4.12.jar:/Users/nsimsiri/.m2/repository/org/assertj/assertj-core/3.9.1/assertj-core-3.9.1.jar:/Users/nsimsiri/.m2/repository/org/mockito/mockito-core/2.15.0/mockito-core-2.15.0.jar:/Users/nsimsiri/.m2/repository/net/bytebuddy/byte-buddy/1.7.11/byte-buddy-1.7.11.jar:/Users/nsimsiri/.m2/repository/net/bytebuddy/byte-buddy-agent/1.7.11/byte-buddy-agent-1.7.11.jar:/Users/nsimsiri/.m2/repository/org/objenesis/objenesis/2.6/objenesis-2.6.jar:/Users/nsimsiri/.m2/repository/org/hamcrest/hamcrest-core/1.3/hamcrest-core-1.3.jar:/Users/nsimsiri/.m2/repository/org/hamcrest/hamcrest-library/1.3/hamcrest-library-1.3.jar:/Users/nsimsiri/.m2/repository/org/skyscreamer/jsonassert/1.5.0/jsonassert-1.5.0.jar:/Users/nsimsiri/.m2/repository/com/vaadin/external/google/android-json/0.0.20131108.vaadin1/android-json-0.0.20131108.vaadin1.jar:/Users/nsimsiri/.m2/repository/org/springframework/spring-core/5.0.7.RELEASE/spring-core-5.0.7.RELEASE.jar:/Users/nsimsiri/.m2/repository/org/springframework/spring-jcl/5.0.7.RELEASE/spring-jcl-5.0.7.RELEASE.jar:/Users/nsimsiri/.m2/repository/org/springframework/spring-test/5.0.7.RELEASE/spring-test-5.0.7.RELEASE.jar:/Users/nsimsiri/.m2/repository/org/xmlunit/xmlunit-core/2.5.1/xmlunit-core-2.5.1.jar:/Users/nsimsiri/.m2/repository/org/springframework/kafka/spring-kafka/2.1.7.RELEASE/spring-kafka-2.1.7.RELEASE.jar:/Users/nsimsiri/.m2/repository/org/springframework/spring-context/5.0.7.RELEASE/spring-context-5.0.7.RELEASE.jar:/Users/nsimsiri/.m2/repository/org/springframework/spring-messaging/5.0.7.RELEASE/spring-messaging-5.0.7.RELEASE.jar:/Users/nsimsiri/.m2/repository/org/springframework/spring-tx/5.0.7.RELEASE/spring-tx-5.0.7.RELEASE.jar:/Users/nsimsiri/.m2/repository/org/springframework/retry/spring-retry/1.2.2.RELEASE/spring-retry-1.2.2.RELEASE.jar:/Users/nsimsiri/.m2/repository/org/apache/kafka/kafka-clients/1.0.1/kafka-clients-1.0.1.jar:/Users/nsimsiri/.m2/repository/org/lz4/lz4-java/1.4/lz4-java-1.4.jar:/Users/nsimsiri/.m2/repository/org/xerial/snappy/snappy-java/1.1.4/snappy-java-1.1.4.jar:/Users/nsimsiri/.m2/repository/org/apache/httpcomponents/httpclient/4.3.6/httpclient-4.3.6.jar:/Users/nsimsiri/.m2/repository/org/apache/httpcomponents/httpcore/4.4.9/httpcore-4.4.9.jar:/Users/nsimsiri/.m2/repository/commons-codec/commons-codec/1.11/commons-codec-1.11.jar:, user.name=nsimsiri, java.vm.specification.version=1.8, sun.java.command=/Users/nsimsiri/Documents/code/web/sample-projects/strain-core/fitbit-web-service/target/surefire/surefirebooter5852003307734977142.jar /Users/nsimsiri/Documents/code/web/sample-projects/strain-core/fitbit-web-service/target/surefire 2018-10-15T00-28-27_092-jvmRun1 surefire7936399239190762930tmp surefire_01413706494985748947tmp, java.home=/Library/Java/JavaVirtualMachines/jdk1.8.0_144.jdk/Contents/Home/jre, sun.arch.data.model=64, user.language=en, java.specification.vendor=Oracle Corporation, awt.toolkit=sun.lwawt.macosx.LWCToolkit, java.vm.info=mixed mode, java.version=1.8.0_144, java.ext.dirs=/Users/nsimsiri/Library/Java/Extensions:/Library/Java/JavaVirtualMachines/jdk1.8.0_144.jdk/Contents/Home/jre/lib/ext:/Library/Java/Extensions:/Network/Library/Java/Extensions:/System/Library/Java/Extensions:/usr/lib/java, sun.boot.class.path=/Library/Java/JavaVirtualMachines/jdk1.8.0_144.jdk/Contents/Home/jre/lib/resources.jar:/Library/Java/JavaVirtualMachines/jdk1.8.0_144.jdk/Contents/Home/jre/lib/rt.jar:/Library/Java/JavaVirtualMachines/jdk1.8.0_144.jdk/Contents/Home/jre/lib/sunrsasign.jar:/Library/Java/JavaVirtualMachines/jdk1.8.0_144.jdk/Contents/Home/jre/lib/jsse.jar:/Library/Java/JavaVirtualMachines/jdk1.8.0_144.jdk/Contents/Home/jre/lib/jce.jar:/Library/Java/JavaVirtualMachines/jdk1.8.0_144.jdk/Contents/Home/jre/lib/charsets.jar:/Library/Java/JavaVirtualMachines/jdk1.8.0_144.jdk/Contents/Home/jre/lib/jfr.jar:/Library/Java/JavaVirtualMachines/jdk1.8.0_144.jdk/Contents/Home/jre/classes, java.vendor=Oracle Corporation, localRepository=/Users/nsimsiri/.m2/repository, file.separator=/, java.vendor.url.bug=http://bugreport.sun.com/bugreport/, sun.io.unicode.encoding=UnicodeBig, sun.cpu.endian=little, socksNonProxyHosts=local|*.local|169.254/16|*.169.254/16, ftp.nonProxyHosts=local|*.local|169.254/16|*.169.254/16, sun.cpu.isalist=}}, SystemEnvironmentPropertySource@874217650 {name='systemEnvironment', properties={PATH=/usr/local/opt/openssl/bin:/Users/nsimsiri/Documents/code/ml/google-cloud-sdk/bin:/Users/nsimsiri/anaconda2/bin:/usr/local/bin:/usr/bin:/bin:/usr/sbin:/sbin:/Users/nsimsiri/Documents/code/research/defects4j/framework/bin, JAVA_MAIN_CLASS_16737=org.codehaus.plexus.classworlds.launcher.Launcher, JUNIT_JAR=/usr/local/junit/junit-4.12.jar, JAVA_JNI_INCLUDE=/Library/Java/JavaVirtualMachines/jdk1.8.0_144.jdk/Contents/Home/Contents/Home/include/darwin, JAVA_CPP_INCLUDE=/Library/Java/JavaVirtualMachines/jdk1.8.0_144.jdk/Contents/Home/Contents/Home/include, JAVA_HOME=/Library/Java/JavaVirtualMachines/jdk1.8.0_144.jdk/Contents/Home, TERM=xterm-256color, LANG=en_US.UTF-8, COMMAND_MODE=unix2003, ITERM_SESSION_ID=w0t4p0:E0D67172-D5BD-4CEA-ABFB-A76678ECD74D, COLORTERM=truecolor, DAIKONDIR=/usr/local/daikon-5.6.2, RHINO_JAR=/Users/nsimsiri/Documents/code/research/testgenfromspec/rhino1_7R4/js.jar, QUARRY=/Users/nsimsiri/Documents/code/research/texada/quarry-src/old-quarry/quarry.py, BOOST_INCLUDE=/usr/local/boost_1_61_0/boost, LOGNAME=nsimsiri, YICES_INCLUDE=/usr/local/Cellar/yices2/2.5.4/include, JUNIT_PATH=/usr/local/junit/, XPC_SERVICE_NAME=0, PWD=/Users/nsimsiri/Documents/code/web/sample-projects/strain-core/fitbit-web-service, TERM_PROGRAM_VERSION=3.2.3, JAVA_MAIN_CLASS_16762=org.apache.maven.surefire.booter.ForkedBooter, MAVEN_CMD_LINE_ARGS= package spring-boot:repackage, GTEST_DIR=/usr/local/googletest, _=/Library/Java/JavaVirtualMachines/jdk1.8.0_144.jdk/Contents/Home/jre/bin/java, SHELL=/bin/zsh, TERM_PROGRAM=iTerm.app, PAGER=less, LSCOLORS=Gxfxcxdxbxegedabagacad, MAVEN_PROJECTBASEDIR=/Users/nsimsiri/Documents/code/web/sample-projects/strain-core/fitbit-web-service, OLDPWD=/Users/nsimsiri/Documents/code/web/sample-projects/strain-core/fitbit-web-service, SECURITYSESSIONID=186a8, DAIKON_JAR=/usr/local/daikon-5.6.2/daikon.jar, USER=nsimsiri, ZSH=/Users/nsimsiri/.oh-my-zsh, ITERM_PROFILE=Default, TMPDIR=/var/folders/nb/vh3_038j10j41hvg_tyfnlgh0000gn/T/, SSH_AUTH_SOCK=/private/tmp/com.apple.launchd.mHnwmEtdYz/Listeners, XPC_FLAGS=0x0, TERM_SESSION_ID=w0t4p0:E0D67172-D5BD-4CEA-ABFB-A76678ECD74D, __CF_USER_TEXT_ENCODING=0x1F5:0x0:0x0, Apple_PubSub_Socket_Render=/private/tmp/com.apple.launchd.9NdhxD9WT9/Render, LESS=-R, LC_CTYPE=en_US.UTF-8, COLORFGBG=15;0, SHLVL=3, HOME=/Users/nsimsiri, TEXADA_HOME=/Users/nsimsiri/Documents/code/research/texada}}]
00:28:33.202 [main] DEBUG org.springframework.core.io.support.PathMatchingResourcePatternResolver - Resolved classpath location [api/FitbitAPITest/] to resources [URL [file:/Users/nsimsiri/Documents/code/web/sample-projects/strain-core/fitbit-web-service/target/test-classes/api/FitbitAPITest/]]
00:28:33.204 [main] DEBUG org.springframework.core.io.support.PathMatchingResourcePatternResolver - Looking for matching resources in directory tree [/Users/nsimsiri/Documents/code/web/sample-projects/strain-core/fitbit-web-service/target/test-classes/api/FitbitAPITest]
00:28:33.204 [main] DEBUG org.springframework.core.io.support.PathMatchingResourcePatternResolver - Searching directory [/Users/nsimsiri/Documents/code/web/sample-projects/strain-core/fitbit-web-service/target/test-classes/api/FitbitAPITest] for files matching pattern [/Users/nsimsiri/Documents/code/web/sample-projects/strain-core/fitbit-web-service/target/test-classes/api/FitbitAPITest/*.class]
00:28:33.208 [main] DEBUG org.springframework.core.io.support.PathMatchingResourcePatternResolver - Resolved location pattern [classpath*:api/FitbitAPITest/*.class] to resources [file [/Users/nsimsiri/Documents/code/web/sample-projects/strain-core/fitbit-web-service/target/test-classes/api/FitbitAPITest/AggregateActivityServiceTest.class], file [/Users/nsimsiri/Documents/code/web/sample-projects/strain-core/fitbit-web-service/target/test-classes/api/FitbitAPITest/FitbitAPICallbackTest.class]]
00:28:33.264 [main] DEBUG org.springframework.core.io.support.PathMatchingResourcePatternResolver - Resolved classpath location [api/] to resources [URL [file:/Users/nsimsiri/Documents/code/web/sample-projects/strain-core/fitbit-web-service/target/test-classes/api/], URL [file:/Users/nsimsiri/Documents/code/web/sample-projects/strain-core/fitbit-web-service/target/classes/api/]]
00:28:33.265 [main] DEBUG org.springframework.core.io.support.PathMatchingResourcePatternResolver - Looking for matching resources in directory tree [/Users/nsimsiri/Documents/code/web/sample-projects/strain-core/fitbit-web-service/target/test-classes/api]
00:28:33.265 [main] DEBUG org.springframework.core.io.support.PathMatchingResourcePatternResolver - Searching directory [/Users/nsimsiri/Documents/code/web/sample-projects/strain-core/fitbit-web-service/target/test-classes/api] for files matching pattern [/Users/nsimsiri/Documents/code/web/sample-projects/strain-core/fitbit-web-service/target/test-classes/api/*.class]
00:28:33.266 [main] DEBUG org.springframework.core.io.support.PathMatchingResourcePatternResolver - Looking for matching resources in directory tree [/Users/nsimsiri/Documents/code/web/sample-projects/strain-core/fitbit-web-service/target/classes/api]
00:28:33.267 [main] DEBUG org.springframework.core.io.support.PathMatchingResourcePatternResolver - Searching directory [/Users/nsimsiri/Documents/code/web/sample-projects/strain-core/fitbit-web-service/target/classes/api] for files matching pattern [/Users/nsimsiri/Documents/code/web/sample-projects/strain-core/fitbit-web-service/target/classes/api/*.class]
00:28:33.268 [main] DEBUG org.springframework.core.io.support.PathMatchingResourcePatternResolver - Resolved location pattern [classpath*:api/*.class] to resources [file [/Users/nsimsiri/Documents/code/web/sample-projects/strain-core/fitbit-web-service/target/classes/api/EntityAuditBean$AuditorAwareImpl.class], file [/Users/nsimsiri/Documents/code/web/sample-projects/strain-core/fitbit-web-service/target/classes/api/EntityAuditBean.class], file [/Users/nsimsiri/Documents/code/web/sample-projects/strain-core/fitbit-web-service/target/classes/api/FileLogger.class], file [/Users/nsimsiri/Documents/code/web/sample-projects/strain-core/fitbit-web-service/target/classes/api/FitbitConstantEnvironment.class], file [/Users/nsimsiri/Documents/code/web/sample-projects/strain-core/fitbit-web-service/target/classes/api/FitbitWebServiceApplication$ApplicationConfig.class], file [/Users/nsimsiri/Documents/code/web/sample-projects/strain-core/fitbit-web-service/target/classes/api/FitbitWebServiceApplication.class], file [/Users/nsimsiri/Documents/code/web/sample-projects/strain-core/fitbit-web-service/target/classes/api/IFitbitQueryService.class], file [/Users/nsimsiri/Documents/code/web/sample-projects/strain-core/fitbit-web-service/target/classes/api/SecurityConfig.class], file [/Users/nsimsiri/Documents/code/web/sample-projects/strain-core/fitbit-web-service/target/classes/api/WebConfig.class]]
00:28:33.372 [main] DEBUG org.springframework.context.annotation.ClassPathScanningCandidateComponentProvider - Identified candidate component class: file [/Users/nsimsiri/Documents/code/web/sample-projects/strain-core/fitbit-web-service/target/classes/api/FitbitWebServiceApplication.class]
00:28:33.383 [main] INFO org.springframework.boot.test.context.SpringBootTestContextBootstrapper - Found @SpringBootConfiguration api.FitbitWebServiceApplication for test class api.FitbitAPITest.FitbitAPICallbackTest
00:28:33.570 [main] DEBUG org.springframework.boot.test.context.SpringBootTestContextBootstrapper - @TestExecutionListeners is not present for class [api.FitbitAPITest.FitbitAPICallbackTest]: using defaults.
00:28:33.572 [main] INFO org.springframework.boot.test.context.SpringBootTestContextBootstrapper - Loaded default TestExecutionListener class names from location [META-INF/spring.factories]: [org.springframework.boot.test.mock.mockito.MockitoTestExecutionListener, org.springframework.boot.test.mock.mockito.ResetMocksTestExecutionListener, org.springframework.boot.test.autoconfigure.restdocs.RestDocsTestExecutionListener, org.springframework.boot.test.autoconfigure.web.client.MockRestServiceServerResetTestExecutionListener, org.springframework.boot.test.autoconfigure.web.servlet.MockMvcPrintOnlyOnFailureTestExecutionListener, org.springframework.boot.test.autoconfigure.web.servlet.WebDriverTestExecutionListener, org.springframework.test.context.web.ServletTestExecutionListener, org.springframework.test.context.support.DirtiesContextBeforeModesTestExecutionListener, org.springframework.test.context.support.DependencyInjectionTestExecutionListener, org.springframework.test.context.support.DirtiesContextTestExecutionListener, org.springframework.test.context.transaction.TransactionalTestExecutionListener, org.springframework.test.context.jdbc.SqlScriptsTestExecutionListener]
00:28:33.616 [main] INFO org.springframework.boot.test.context.SpringBootTestContextBootstrapper - Using TestExecutionListeners: [org.springframework.test.context.web.ServletTestExecutionListener@66d3eec0, org.springframework.test.context.support.DirtiesContextBeforeModesTestExecutionListener@1e04fa0a, org.springframework.boot.test.mock.mockito.MockitoTestExecutionListener@1af2d44a, org.springframework.boot.test.autoconfigure.SpringBootDependencyInjectionTestExecutionListener@18d87d80, org.springframework.test.context.support.DirtiesContextTestExecutionListener@618425b5, org.springframework.test.context.transaction.TransactionalTestExecutionListener@58695725, org.springframework.test.context.jdbc.SqlScriptsTestExecutionListener@543588e6, org.springframework.boot.test.mock.mockito.ResetMocksTestExecutionListener@f5acb9d, org.springframework.boot.test.autoconfigure.restdocs.RestDocsTestExecutionListener@4fb3ee4e, org.springframework.boot.test.autoconfigure.web.client.MockRestServiceServerResetTestExecutionListener@5d7148e2, org.springframework.boot.test.autoconfigure.web.servlet.MockMvcPrintOnlyOnFailureTestExecutionListener@25fb8912, org.springframework.boot.test.autoconfigure.web.servlet.WebDriverTestExecutionListener@7c24b813]
00:28:33.620 [main] DEBUG org.springframework.test.annotation.ProfileValueUtils - Retrieved @ProfileValueSourceConfiguration [null] for test class [api.FitbitAPITest.FitbitAPICallbackTest]
00:28:33.621 [main] DEBUG org.springframework.test.annotation.ProfileValueUtils - Retrieved ProfileValueSource type [class org.springframework.test.annotation.SystemProfileValueSource] for class [api.FitbitAPITest.FitbitAPICallbackTest]
00:28:33.622 [main] DEBUG org.springframework.test.annotation.ProfileValueUtils - Retrieved @ProfileValueSourceConfiguration [null] for test class [api.FitbitAPITest.FitbitAPICallbackTest]
00:28:33.622 [main] DEBUG org.springframework.test.annotation.ProfileValueUtils - Retrieved ProfileValueSource type [class org.springframework.test.annotation.SystemProfileValueSource] for class [api.FitbitAPITest.FitbitAPICallbackTest]
00:28:33.623 [main] DEBUG org.springframework.test.annotation.ProfileValueUtils - Retrieved @ProfileValueSourceConfiguration [null] for test class [api.FitbitAPITest.FitbitAPICallbackTest]
00:28:33.623 [main] DEBUG org.springframework.test.annotation.ProfileValueUtils - Retrieved ProfileValueSource type [class org.springframework.test.annotation.SystemProfileValueSource] for class [api.FitbitAPITest.FitbitAPICallbackTest]
00:28:33.629 [main] DEBUG org.springframework.test.context.support.AbstractDirtiesContextTestExecutionListener - Before test class: context [DefaultTestContext@434a63ab testClass = FitbitAPICallbackTest, testInstance = [null], testMethod = [null], testException = [null], mergedContextConfiguration = [WebMergedContextConfiguration@6e0f5f7f testClass = FitbitAPICallbackTest, locations = '{}', classes = '{class api.FitbitWebServiceApplication}', contextInitializerClasses = '[]', activeProfiles = '{}', propertySourceLocations = '{}', propertySourceProperties = '{org.springframework.boot.test.context.SpringBootTestContextBootstrapper=true}', contextCustomizers = set[org.springframework.boot.test.context.filter.ExcludeFilterContextCustomizer@442675e1, org.springframework.boot.test.json.DuplicateJsonObjectContextCustomizerFactory$DuplicateJsonObjectContextCustomizer@1c72da34, org.springframework.boot.test.mock.mockito.MockitoContextCustomizer@0, org.springframework.boot.test.web.client.TestRestTemplateContextCustomizer@5d20e46, org.springframework.boot.test.autoconfigure.properties.PropertyMappingContextCustomizer@0, org.springframework.boot.test.autoconfigure.web.servlet.WebDriverContextCustomizerFactory$Customizer@64d2d351], resourceBasePath = 'src/main/webapp', contextLoader = 'org.springframework.boot.test.context.SpringBootContextLoader', parent = [null]], attributes = map['org.springframework.test.context.web.ServletTestExecutionListener.activateListener' -> true]], class annotated with @DirtiesContext [false] with mode [null].
00:28:33.630 [main] DEBUG org.springframework.test.annotation.ProfileValueUtils - Retrieved @ProfileValueSourceConfiguration [null] for test class [api.FitbitAPITest.FitbitAPICallbackTest]
00:28:33.631 [main] DEBUG org.springframework.test.annotation.ProfileValueUtils - Retrieved ProfileValueSource type [class org.springframework.test.annotation.SystemProfileValueSource] for class [api.FitbitAPITest.FitbitAPICallbackTest]
00:28:33.660 [main] DEBUG org.springframework.core.env.StandardEnvironment - Adding PropertySource 'systemProperties' with lowest search precedence
00:28:33.661 [main] DEBUG org.springframework.core.env.StandardEnvironment - Adding PropertySource 'systemEnvironment' with lowest search precedence
00:28:33.662 [main] DEBUG org.springframework.core.env.StandardEnvironment - Initialized StandardEnvironment with PropertySources [MapPropertySource@2032079962 {name='systemProperties', properties={java.runtime.name=Java(TM) SE Runtime Environment, sun.boot.library.path=/Library/Java/JavaVirtualMachines/jdk1.8.0_144.jdk/Contents/Home/jre/lib, java.vm.version=25.144-b01, gopherProxySet=false, java.vm.vendor=Oracle Corporation, java.vendor.url=http://java.oracle.com/, path.separator=:, java.vm.name=Java HotSpot(TM) 64-Bit Server VM, file.encoding.pkg=sun.io, user.country=US, sun.java.launcher=SUN_STANDARD, sun.os.patch.level=unknown, java.vm.specification.name=Java Virtual Machine Specification, user.dir=/Users/nsimsiri/Documents/code/web/sample-projects/strain-core/fitbit-web-service, java.runtime.version=1.8.0_144-b01, basedir=/Users/nsimsiri/Documents/code/web/sample-projects/strain-core/fitbit-web-service, java.awt.graphicsenv=sun.awt.CGraphicsEnvironment, java.endorsed.dirs=/Library/Java/JavaVirtualMachines/jdk1.8.0_144.jdk/Contents/Home/jre/lib/endorsed, os.arch=x86_64, surefire.real.class.path=/Users/nsimsiri/Documents/code/web/sample-projects/strain-core/fitbit-web-service/target/surefire/surefirebooter5852003307734977142.jar, java.io.tmpdir=/var/folders/nb/vh3_038j10j41hvg_tyfnlgh0000gn/T/, line.separator=
, java.vm.specification.vendor=Oracle Corporation, os.name=Mac OS X, sun.jnu.encoding=UTF-8, java.library.path=/Users/nsimsiri/Library/Java/Extensions:/Library/Java/Extensions:/Network/Library/Java/Extensions:/System/Library/Java/Extensions:/usr/lib/java:., surefire.test.class.path=/Users/nsimsiri/Documents/code/web/sample-projects/strain-core/fitbit-web-service/target/test-classes:/Users/nsimsiri/Documents/code/web/sample-projects/strain-core/fitbit-web-service/target/classes:/Users/nsimsiri/.m2/repository/org/springframework/cloud/spring-cloud-starter-netflix-eureka-client/2.0.0.RELEASE/spring-cloud-starter-netflix-eureka-client-2.0.0.RELEASE.jar:/Users/nsimsiri/.m2/repository/org/springframework/cloud/spring-cloud-starter/2.0.0.RELEASE/spring-cloud-starter-2.0.0.RELEASE.jar:/Users/nsimsiri/.m2/repository/org/springframework/cloud/spring-cloud-context/2.0.0.RELEASE/spring-cloud-context-2.0.0.RELEASE.jar:/Users/nsimsiri/.m2/repository/org/springframework/security/spring-security-crypto/5.0.6.RELEASE/spring-security-crypto-5.0.6.RELEASE.jar:/Users/nsimsiri/.m2/repository/org/springframework/cloud/spring-cloud-commons/2.0.0.RELEASE/spring-cloud-commons-2.0.0.RELEASE.jar:/Users/nsimsiri/.m2/repository/org/springframework/security/spring-security-rsa/1.0.5.RELEASE/spring-security-rsa-1.0.5.RELEASE.jar:/Users/nsimsiri/.m2/repository/org/bouncycastle/bcpkix-jdk15on/1.56/bcpkix-jdk15on-1.56.jar:/Users/nsimsiri/.m2/repository/org/bouncycastle/bcprov-jdk15on/1.56/bcprov-jdk15on-1.56.jar:/Users/nsimsiri/.m2/repository/org/springframework/cloud/spring-cloud-netflix-core/2.0.0.RELEASE/spring-cloud-netflix-core-2.0.0.RELEASE.jar:/Users/nsimsiri/.m2/repository/org/springframework/boot/spring-boot-autoconfigure/2.0.3.RELEASE/spring-boot-autoconfigure-2.0.3.RELEASE.jar:/Users/nsimsiri/.m2/repository/org/springframework/cloud/spring-cloud-netflix-eureka-client/2.0.0.RELEASE/spring-cloud-netflix-eureka-client-2.0.0.RELEASE.jar:/Users/nsimsiri/.m2/repository/com/netflix/eureka/eureka-client/1.9.2/eureka-client-1.9.2.jar:/Users/nsimsiri/.m2/repository/org/codehaus/jettison/jettison/1.3.7/jettison-1.3.7.jar:/Users/nsimsiri/.m2/repository/stax/stax-api/1.0.1/stax-api-1.0.1.jar:/Users/nsimsiri/.m2/repository/com/netflix/netflix-commons/netflix-eventbus/0.3.0/netflix-eventbus-0.3.0.jar:/Users/nsimsiri/.m2/repository/com/netflix/netflix-commons/netflix-infix/0.3.0/netflix-infix-0.3.0.jar:/Users/nsimsiri/.m2/repository/commons-jxpath/commons-jxpath/1.3/commons-jxpath-1.3.jar:/Users/nsimsiri/.m2/repository/joda-time/joda-time/2.9.9/joda-time-2.9.9.jar:/Users/nsimsiri/.m2/repository/org/antlr/antlr-runtime/3.4/antlr-runtime-3.4.jar:/Users/nsimsiri/.m2/repository/org/antlr/stringtemplate/3.2.1/stringtemplate-3.2.1.jar:/Users/nsimsiri/.m2/repository/com/google/code/gson/gson/2.8.5/gson-2.8.5.jar:/Users/nsimsiri/.m2/repository/org/apache/commons/commons-math/2.2/commons-math-2.2.jar:/Users/nsimsiri/.m2/repository/com/netflix/archaius/archaius-core/0.7.6/archaius-core-0.7.6.jar:/Users/nsimsiri/.m2/repository/com/google/guava/guava/16.0/guava-16.0.jar:/Users/nsimsiri/.m2/repository/javax/ws/rs/jsr311-api/1.1.1/jsr311-api-1.1.1.jar:/Users/nsimsiri/.m2/repository/com/netflix/servo/servo-core/0.12.21/servo-core-0.12.21.jar:/Users/nsimsiri/.m2/repository/com/sun/jersey/jersey-core/1.19.1/jersey-core-1.19.1.jar:/Users/nsimsiri/.m2/repository/com/sun/jersey/jersey-client/1.19.1/jersey-client-1.19.1.jar:/Users/nsimsiri/.m2/repository/com/sun/jersey/contribs/jersey-apache-client4/1.19.1/jersey-apache-client4-1.19.1.jar:/Users/nsimsiri/.m2/repository/com/google/inject/guice/4.1.0/guice-4.1.0.jar:/Users/nsimsiri/.m2/repository/javax/inject/javax.inject/1/javax.inject-1.jar:/Users/nsimsiri/.m2/repository/aopalliance/aopalliance/1.0/aopalliance-1.0.jar:/Users/nsimsiri/.m2/repository/com/github/vlsi/compactmap/compactmap/1.2.1/compactmap-1.2.1.jar:/Users/nsimsiri/.m2/repository/com/github/andrewoma/dexx/dexx-collections/0.2/dexx-collections-0.2.jar:/Users/nsimsiri/.m2/repository/com/fasterxml/jackson/core/jackson-annotations/2.9.0/jackson-annotations-2.9.0.jar:/Users/nsimsiri/.m2/repository/com/fasterxml/jackson/core/jackson-core/2.9.6/jackson-core-2.9.6.jar:/Users/nsimsiri/.m2/repository/com/netflix/eureka/eureka-core/1.9.2/eureka-core-1.9.2.jar:/Users/nsimsiri/.m2/repository/org/codehaus/woodstox/woodstox-core-asl/4.4.1/woodstox-core-asl-4.4.1.jar:/Users/nsimsiri/.m2/repository/javax/xml/stream/stax-api/1.0-2/stax-api-1.0-2.jar:/Users/nsimsiri/.m2/repository/org/codehaus/woodstox/stax2-api/3.1.4/stax2-api-3.1.4.jar:/Users/nsimsiri/.m2/repository/org/springframework/cloud/spring-cloud-starter-netflix-archaius/2.0.0.RELEASE/spring-cloud-starter-netflix-archaius-2.0.0.RELEASE.jar:/Users/nsimsiri/.m2/repository/org/springframework/cloud/spring-cloud-netflix-ribbon/2.0.0.RELEASE/spring-cloud-netflix-ribbon-2.0.0.RELEASE.jar:/Users/nsimsiri/.m2/repository/org/springframework/cloud/spring-cloud-netflix-archaius/2.0.0.RELEASE/spring-cloud-netflix-archaius-2.0.0.RELEASE.jar:/Users/nsimsiri/.m2/repository/commons-configuration/commons-configuration/1.8/commons-configuration-1.8.jar:/Users/nsimsiri/.m2/repository/commons-lang/commons-lang/2.6/commons-lang-2.6.jar:/Users/nsimsiri/.m2/repository/org/springframework/cloud/spring-cloud-starter-netflix-ribbon/2.0.0.RELEASE/spring-cloud-starter-netflix-ribbon-2.0.0.RELEASE.jar:/Users/nsimsiri/.m2/repository/com/netflix/ribbon/ribbon/2.2.5/ribbon-2.2.5.jar:/Users/nsimsiri/.m2/repository/com/netflix/ribbon/ribbon-transport/2.2.5/ribbon-transport-2.2.5.jar:/Users/nsimsiri/.m2/repository/io/reactivex/rxnetty-contexts/0.4.9/rxnetty-contexts-0.4.9.jar:/Users/nsimsiri/.m2/repository/io/reactivex/rxnetty-servo/0.4.9/rxnetty-servo-0.4.9.jar:/Users/nsimsiri/.m2/repository/com/netflix/hystrix/hystrix-core/1.5.12/hystrix-core-1.5.12.jar:/Users/nsimsiri/.m2/repository/org/hdrhistogram/HdrHistogram/2.1.9/HdrHistogram-2.1.9.jar:/Users/nsimsiri/.m2/repository/io/reactivex/rxnetty/0.4.9/rxnetty-0.4.9.jar:/Users/nsimsiri/.m2/repository/io/netty/netty-codec-http/4.1.25.Final/netty-codec-http-4.1.25.Final.jar:/Users/nsimsiri/.m2/repository/io/netty/netty-codec/4.1.25.Final/netty-codec-4.1.25.Final.jar:/Users/nsimsiri/.m2/repository/io/netty/netty-transport-native-epoll/4.1.25.Final/netty-transport-native-epoll-4.1.25.Final.jar:/Users/nsimsiri/.m2/repository/io/netty/netty-common/4.1.25.Final/netty-common-4.1.25.Final.jar:/Users/nsimsiri/.m2/repository/io/netty/netty-buffer/4.1.25.Final/netty-buffer-4.1.25.Final.jar:/Users/nsimsiri/.m2/repository/io/netty/netty-transport-native-unix-common/4.1.25.Final/netty-transport-native-unix-common-4.1.25.Final.jar:/Users/nsimsiri/.m2/repository/io/netty/netty-transport/4.1.25.Final/netty-transport-4.1.25.Final.jar:/Users/nsimsiri/.m2/repository/io/netty/netty-resolver/4.1.25.Final/netty-resolver-4.1.25.Final.jar:/Users/nsimsiri/.m2/repository/com/netflix/ribbon/ribbon-core/2.2.5/ribbon-core-2.2.5.jar:/Users/nsimsiri/.m2/repository/com/netflix/ribbon/ribbon-httpclient/2.2.5/ribbon-httpclient-2.2.5.jar:/Users/nsimsiri/.m2/repository/commons-collections/commons-collections/3.2.2/commons-collections-3.2.2.jar:/Users/nsimsiri/.m2/repository/com/netflix/netflix-commons/netflix-commons-util/0.3.0/netflix-commons-util-0.3.0.jar:/Users/nsimsiri/.m2/repository/com/netflix/ribbon/ribbon-loadbalancer/2.2.5/ribbon-loadbalancer-2.2.5.jar:/Users/nsimsiri/.m2/repository/com/netflix/netflix-commons/netflix-statistics/0.1.1/netflix-statistics-0.1.1.jar:/Users/nsimsiri/.m2/repository/io/reactivex/rxjava/1.3.8/rxjava-1.3.8.jar:/Users/nsimsiri/.m2/repository/com/netflix/ribbon/ribbon-eureka/2.2.5/ribbon-eureka-2.2.5.jar:/Users/nsimsiri/.m2/repository/org/slf4j/slf4j-api/1.7.25/slf4j-api-1.7.25.jar:/Users/nsimsiri/.m2/repository/com/thoughtworks/xstream/xstream/1.4.10/xstream-1.4.10.jar:/Users/nsimsiri/.m2/repository/xmlpull/xmlpull/1.1.3.1/xmlpull-1.1.3.1.jar:/Users/nsimsiri/.m2/repository/xpp3/xpp3_min/1.1.4c/xpp3_min-1.1.4c.jar:/Users/nsimsiri/.m2/repository/org/springframework/boot/spring-boot-starter-security/2.0.3.RELEASE/spring-boot-starter-security-2.0.3.RELEASE.jar:/Users/nsimsiri/.m2/repository/org/springframework/boot/spring-boot-starter/2.0.3.RELEASE/spring-boot-starter-2.0.3.RELEASE.jar:/Users/nsimsiri/.m2/repository/org/springframework/boot/spring-boot/2.0.3.RELEASE/spring-boot-2.0.3.RELEASE.jar:/Users/nsimsiri/.m2/repository/org/springframework/boot/spring-boot-starter-logging/2.0.3.RELEASE/spring-boot-starter-logging-2.0.3.RELEASE.jar:/Users/nsimsiri/.m2/repository/ch/qos/logback/logback-classic/1.2.3/logback-classic-1.2.3.jar:/Users/nsimsiri/.m2/repository/ch/qos/logback/logback-core/1.2.3/logback-core-1.2.3.jar:/Users/nsimsiri/.m2/repository/org/apache/logging/log4j/log4j-to-slf4j/2.10.0/log4j-to-slf4j-2.10.0.jar:/Users/nsimsiri/.m2/repository/org/apache/logging/log4j/log4j-api/2.10.0/log4j-api-2.10.0.jar:/Users/nsimsiri/.m2/repository/org/slf4j/jul-to-slf4j/1.7.25/jul-to-slf4j-1.7.25.jar:/Users/nsimsiri/.m2/repository/javax/annotation/javax.annotation-api/1.3.2/javax.annotation-api-1.3.2.jar:/Users/nsimsiri/.m2/repository/org/yaml/snakeyaml/1.19/snakeyaml-1.19.jar:/Users/nsimsiri/.m2/repository/org/springframework/spring-aop/5.0.7.RELEASE/spring-aop-5.0.7.RELEASE.jar:/Users/nsimsiri/.m2/repository/org/springframework/spring-beans/5.0.7.RELEASE/spring-beans-5.0.7.RELEASE.jar:/Users/nsimsiri/.m2/repository/org/springframework/security/spring-security-config/5.0.6.RELEASE/spring-security-config-5.0.6.RELEASE.jar:/Users/nsimsiri/.m2/repository/org/springframework/security/spring-security-core/5.0.6.RELEASE/spring-security-core-5.0.6.RELEASE.jar:/Users/nsimsiri/.m2/repository/org/springframework/security/spring-security-web/5.0.6.RELEASE/spring-security-web-5.0.6.RELEASE.jar:/Users/nsimsiri/.m2/repository/org/springframework/spring-expression/5.0.7.RELEASE/spring-expression-5.0.7.RELEASE.jar:/Users/nsimsiri/.m2/repository/org/postgresql/postgresql/42.2.2/postgresql-42.2.2.jar:/Users/nsimsiri/.m2/repository/org/springframework/boot/spring-boot-starter-data-jpa/2.0.3.RELEASE/spring-boot-starter-data-jpa-2.0.3.RELEASE.jar:/Users/nsimsiri/.m2/repository/org/springframework/boot/spring-boot-starter-aop/2.0.3.RELEASE/spring-boot-starter-aop-2.0.3.RELEASE.jar:/Users/nsimsiri/.m2/repository/org/aspectj/aspectjweaver/1.8.13/aspectjweaver-1.8.13.jar:/Users/nsimsiri/.m2/repository/org/springframework/boot/spring-boot-starter-jdbc/2.0.3.RELEASE/spring-boot-starter-jdbc-2.0.3.RELEASE.jar:/Users/nsimsiri/.m2/repository/com/zaxxer/HikariCP/2.7.9/HikariCP-2.7.9.jar:/Users/nsimsiri/.m2/repository/org/springframework/spring-jdbc/5.0.7.RELEASE/spring-jdbc-5.0.7.RELEASE.jar:/Users/nsimsiri/.m2/repository/org/hibernate/hibernate-core/5.2.17.Final/hibernate-core-5.2.17.Final.jar:/Users/nsimsiri/.m2/repository/org/jboss/logging/jboss-logging/3.3.2.Final/jboss-logging-3.3.2.Final.jar:/Users/nsimsiri/.m2/repository/org/hibernate/javax/persistence/hibernate-jpa-2.1-api/1.0.2.Final/hibernate-jpa-2.1-api-1.0.2.Final.jar:/Users/nsimsiri/.m2/repository/org/javassist/javassist/3.22.0-GA/javassist-3.22.0-GA.jar:/Users/nsimsiri/.m2/repository/antlr/antlr/2.7.7/antlr-2.7.7.jar:/Users/nsimsiri/.m2/repository/org/jboss/jandex/2.0.3.Final/jandex-2.0.3.Final.jar:/Users/nsimsiri/.m2/repository/com/fasterxml/classmate/1.3.4/classmate-1.3.4.jar:/Users/nsimsiri/.m2/repository/dom4j/dom4j/1.6.1/dom4j-1.6.1.jar:/Users/nsimsiri/.m2/repository/org/hibernate/common/hibernate-commons-annotations/5.0.1.Final/hibernate-commons-annotations-5.0.1.Final.jar:/Users/nsimsiri/.m2/repository/javax/transaction/javax.transaction-api/1.2/javax.transaction-api-1.2.jar:/Users/nsimsiri/.m2/repository/org/springframework/data/spring-data-jpa/2.0.8.RELEASE/spring-data-jpa-2.0.8.RELEASE.jar:/Users/nsimsiri/.m2/repository/org/springframework/data/spring-data-commons/2.0.8.RELEASE/spring-data-commons-2.0.8.RELEASE.jar:/Users/nsimsiri/.m2/repository/org/springframework/spring-orm/5.0.7.RELEASE/spring-orm-5.0.7.RELEASE.jar:/Users/nsimsiri/.m2/repository/org/springframework/spring-aspects/5.0.7.RELEASE/spring-aspects-5.0.7.RELEASE.jar:/Users/nsimsiri/.m2/repository/org/springframework/cloud/spring-cloud-starter-config/1.1.2.RELEASE/spring-cloud-starter-config-1.1.2.RELEASE.jar:/Users/nsimsiri/.m2/repository/org/springframework/cloud/spring-cloud-config-client/2.0.0.RELEASE/spring-cloud-config-client-2.0.0.RELEASE.jar:/Users/nsimsiri/.m2/repository/com/fasterxml/jackson/core/jackson-databind/2.9.6/jackson-databind-2.9.6.jar:/Users/nsimsiri/.m2/repository/org/dsfg/common/1.0-SNAPSHOT/common-1.0-SNAPSHOT.jar:/Users/nsimsiri/.m2/repository/org/springframework/boot/spring-boot-starter-web/2.0.3.RELEASE/spring-boot-starter-web-2.0.3.RELEASE.jar:/Users/nsimsiri/.m2/repository/org/springframework/boot/spring-boot-starter-json/2.0.3.RELEASE/spring-boot-starter-json-2.0.3.RELEASE.jar:/Users/nsimsiri/.m2/repository/com/fasterxml/jackson/datatype/jackson-datatype-jdk8/2.9.6/jackson-datatype-jdk8-2.9.6.jar:/Users/nsimsiri/.m2/repository/com/fasterxml/jackson/datatype/jackson-datatype-jsr310/2.9.6/jackson-datatype-jsr310-2.9.6.jar:/Users/nsimsiri/.m2/repository/com/fasterxml/jackson/module/jackson-module-parameter-names/2.9.6/jackson-module-parameter-names-2.9.6.jar:/Users/nsimsiri/.m2/repository/org/springframework/boot/spring-boot-starter-tomcat/2.0.3.RELEASE/spring-boot-starter-tomcat-2.0.3.RELEASE.jar:/Users/nsimsiri/.m2/repository/org/apache/tomcat/embed/tomcat-embed-core/8.5.31/tomcat-embed-core-8.5.31.jar:/Users/nsimsiri/.m2/repository/org/apache/tomcat/embed/tomcat-embed-el/8.5.31/tomcat-embed-el-8.5.31.jar:/Users/nsimsiri/.m2/repository/org/apache/tomcat/embed/tomcat-embed-websocket/8.5.31/tomcat-embed-websocket-8.5.31.jar:/Users/nsimsiri/.m2/repository/org/hibernate/validator/hibernate-validator/6.0.10.Final/hibernate-validator-6.0.10.Final.jar:/Users/nsimsiri/.m2/repository/javax/validation/validation-api/2.0.1.Final/validation-api-2.0.1.Final.jar:/Users/nsimsiri/.m2/repository/org/springframework/spring-web/5.0.7.RELEASE/spring-web-5.0.7.RELEASE.jar:/Users/nsimsiri/.m2/repository/org/springframework/spring-webmvc/5.0.7.RELEASE/spring-webmvc-5.0.7.RELEASE.jar:/Users/nsimsiri/.m2/repository/org/springframework/boot/spring-boot-starter-test/2.0.3.RELEASE/spring-boot-starter-test-2.0.3.RELEASE.jar:/Users/nsimsiri/.m2/repository/org/springframework/boot/spring-boot-test/2.0.3.RELEASE/spring-boot-test-2.0.3.RELEASE.jar:/Users/nsimsiri/.m2/repository/org/springframework/boot/spring-boot-test-autoconfigure/2.0.3.RELEASE/spring-boot-test-autoconfigure-2.0.3.RELEASE.jar:/Users/nsimsiri/.m2/repository/com/jayway/jsonpath/json-path/2.4.0/json-path-2.4.0.jar:/Users/nsimsiri/.m2/repository/net/minidev/json-smart/2.3/json-smart-2.3.jar:/Users/nsimsiri/.m2/repository/net/minidev/accessors-smart/1.2/accessors-smart-1.2.jar:/Users/nsimsiri/.m2/repository/org/ow2/asm/asm/5.0.4/asm-5.0.4.jar:/Users/nsimsiri/.m2/repository/junit/junit/4.12/junit-4.12.jar:/Users/nsimsiri/.m2/repository/org/assertj/assertj-core/3.9.1/assertj-core-3.9.1.jar:/Users/nsimsiri/.m2/repository/org/mockito/mockito-core/2.15.0/mockito-core-2.15.0.jar:/Users/nsimsiri/.m2/repository/net/bytebuddy/byte-buddy/1.7.11/byte-buddy-1.7.11.jar:/Users/nsimsiri/.m2/repository/net/bytebuddy/byte-buddy-agent/1.7.11/byte-buddy-agent-1.7.11.jar:/Users/nsimsiri/.m2/repository/org/objenesis/objenesis/2.6/objenesis-2.6.jar:/Users/nsimsiri/.m2/repository/org/hamcrest/hamcrest-core/1.3/hamcrest-core-1.3.jar:/Users/nsimsiri/.m2/repository/org/hamcrest/hamcrest-library/1.3/hamcrest-library-1.3.jar:/Users/nsimsiri/.m2/repository/org/skyscreamer/jsonassert/1.5.0/jsonassert-1.5.0.jar:/Users/nsimsiri/.m2/repository/com/vaadin/external/google/android-json/0.0.20131108.vaadin1/android-json-0.0.20131108.vaadin1.jar:/Users/nsimsiri/.m2/repository/org/springframework/spring-core/5.0.7.RELEASE/spring-core-5.0.7.RELEASE.jar:/Users/nsimsiri/.m2/repository/org/springframework/spring-jcl/5.0.7.RELEASE/spring-jcl-5.0.7.RELEASE.jar:/Users/nsimsiri/.m2/repository/org/springframework/spring-test/5.0.7.RELEASE/spring-test-5.0.7.RELEASE.jar:/Users/nsimsiri/.m2/repository/org/xmlunit/xmlunit-core/2.5.1/xmlunit-core-2.5.1.jar:/Users/nsimsiri/.m2/repository/org/springframework/kafka/spring-kafka/2.1.7.RELEASE/spring-kafka-2.1.7.RELEASE.jar:/Users/nsimsiri/.m2/repository/org/springframework/spring-context/5.0.7.RELEASE/spring-context-5.0.7.RELEASE.jar:/Users/nsimsiri/.m2/repository/org/springframework/spring-messaging/5.0.7.RELEASE/spring-messaging-5.0.7.RELEASE.jar:/Users/nsimsiri/.m2/repository/org/springframework/spring-tx/5.0.7.RELEASE/spring-tx-5.0.7.RELEASE.jar:/Users/nsimsiri/.m2/repository/org/springframework/retry/spring-retry/1.2.2.RELEASE/spring-retry-1.2.2.RELEASE.jar:/Users/nsimsiri/.m2/repository/org/apache/kafka/kafka-clients/1.0.1/kafka-clients-1.0.1.jar:/Users/nsimsiri/.m2/repository/org/lz4/lz4-java/1.4/lz4-java-1.4.jar:/Users/nsimsiri/.m2/repository/org/xerial/snappy/snappy-java/1.1.4/snappy-java-1.1.4.jar:/Users/nsimsiri/.m2/repository/org/apache/httpcomponents/httpclient/4.3.6/httpclient-4.3.6.jar:/Users/nsimsiri/.m2/repository/org/apache/httpcomponents/httpcore/4.4.9/httpcore-4.4.9.jar:/Users/nsimsiri/.m2/repository/commons-codec/commons-codec/1.11/commons-codec-1.11.jar:, java.specifica
[...]
	at org.springframework.beans.factory.support.AbstractAutowireCapableBeanFactory.instantiateUsingFactoryMethod(AbstractAutowireCapableBeanFactory.java:1256) ~[spring-beans-5.0.7.RELEASE.jar:5.0.7.RELEASE]
	at org.springframework.beans.factory.support.AbstractAutowireCapableBeanFactory.createBeanInstance(AbstractAutowireCapableBeanFactory.java:1105) ~[spring-beans-5.0.7.RELEASE.jar:5.0.7.RELEASE]
	at org.springframework.beans.factory.support.AbstractAutowireCapableBeanFactory.doCreateBean(AbstractAutowireCapableBeanFactory.java:543) ~[spring-beans-5.0.7.RELEASE.jar:5.0.7.RELEASE]
	at org.springframework.beans.factory.support.AbstractAutowireCapableBeanFactory.createBean(AbstractAutowireCapableBeanFactory.java:503) ~[spring-beans-5.0.7.RELEASE.jar:5.0.7.RELEASE]
	at org.springframework.beans.factory.support.AbstractBeanFactory.lambda$doGetBean$0(AbstractBeanFactory.java:317) ~[spring-beans-5.0.7.RELEASE.jar:5.0.7.RELEASE]
	at org.springframework.beans.factory.support.DefaultSingletonBeanRegistry.getSingleton(DefaultSingletonBeanRegistry.java:222) ~[spring-beans-5.0.7.RELEASE.jar:5.0.7.RELEASE]
	at org.springframework.beans.factory.support.AbstractBeanFactory.doGetBean(AbstractBeanFactory.java:315) ~[spring-beans-5.0.7.RELEASE.jar:5.0.7.RELEASE]
	at org.springframework.beans.factory.support.AbstractBeanFactory.getBean(AbstractBeanFactory.java:199) ~[spring-beans-5.0.7.RELEASE.jar:5.0.7.RELEASE]
	at org.springframework.context.support.AbstractApplicationContext.getBean(AbstractApplicationContext.java:1089) ~[spring-context-5.0.7.RELEASE.jar:5.0.7.RELEASE]
	at org.springframework.context.support.AbstractApplicationContext.finishBeanFactoryInitialization(AbstractApplicationContext.java:859) ~[spring-context-5.0.7.RELEASE.jar:5.0.7.RELEASE]
	at org.springframework.context.support.AbstractApplicationContext.refresh(AbstractApplicationContext.java:550) ~[spring-context-5.0.7.RELEASE.jar:5.0.7.RELEASE]
	at org.springframework.boot.SpringApplication.refresh(SpringApplication.java:759) ~[spring-boot-2.0.3.RELEASE.jar:2.0.3.RELEASE]
	at org.springframework.boot.SpringApplication.refreshContext(SpringApplication.java:395) ~[spring-boot-2.0.3.RELEASE.jar:2.0.3.RELEASE]
	at org.springframework.boot.SpringApplication.run(SpringApplication.java:327) ~[spring-boot-2.0.3.RELEASE.jar:2.0.3.RELEASE]
	at org.springframework.boot.test.context.SpringBootContextLoader.loadContext(SpringBootContextLoader.java:139) ~[spring-boot-test-2.0.3.RELEASE.jar:2.0.3.RELEASE]
	at org.springframework.test.context.cache.DefaultCacheAwareContextLoaderDelegate.loadContextInternal(DefaultCacheAwareContextLoaderDelegate.java:99) ~[spring-test-5.0.7.RELEASE.jar:5.0.7.RELEASE]
	at org.springframework.test.context.cache.DefaultCacheAwareContextLoaderDelegate.loadContext(DefaultCacheAwareContextLoaderDelegate.java:117) ~[spring-test-5.0.7.RELEASE.jar:5.0.7.RELEASE]
	... 27 common frames omitted
Caused by: org.springframework.beans.factory.UnsatisfiedDependencyException: Error creating bean with name 'entityManagerFactoryBuilder' defined in class path resource [org/springframework/boot/autoconfigure/orm/jpa/HibernateJpaConfiguration.class]: Unsatisfied dependency expressed through method 'entityManagerFactoryBuilder' parameter 0; nested exception is org.springframework.beans.factory.BeanCreationException: Error creating bean with name 'jpaVendorAdapter' defined in class path resource [org/springframework/boot/autoconfigure/orm/jpa/HibernateJpaConfiguration.class]: Bean instantiation via factory method failed; nested exception is org.springframework.beans.BeanInstantiationException: Failed to instantiate [org.springframework.orm.jpa.JpaVendorAdapter]: Factory method 'jpaVendorAdapter' threw exception; nested exception is org.springframework.beans.factory.BeanCreationException: Error creating bean with name 'scopedTarget.dataSource' defined in class path resource [org/springframework/boot/autoconfigure/jdbc/DataSourceConfiguration$Hikari.class]: Bean instantiation via factory method failed; nested exception is org.springframework.beans.BeanInstantiationException: Failed to instantiate [com.zaxxer.hikari.HikariDataSource]: Factory method 'dataSource' threw exception; nested exception is org.springframework.boot.autoconfigure.jdbc.DataSourceProperties$DataSourceBeanCreationException: Failed to determine a suitable driver class
	at org.springframework.beans.factory.support.ConstructorResolver.createArgumentArray(ConstructorResolver.java:732) ~[spring-beans-5.0.7.RELEASE.jar:5.0.7.RELEASE]
	at org.springframework.beans.factory.support.ConstructorResolver.instantiateUsingFactoryMethod(ConstructorResolver.java:474) ~[spring-beans-5.0.7.RELEASE.jar:5.0.7.RELEASE]
	at org.springframework.beans.factory.support.AbstractAutowireCapableBeanFactory.instantiateUsingFactoryMethod(AbstractAutowireCapableBeanFactory.java:1256) ~[spring-beans-5.0.7.RELEASE.jar:5.0.7.RELEASE]
	at org.springframework.beans.factory.support.AbstractAutowireCapableBeanFactory.createBeanInstance(AbstractAutowireCapableBeanFactory.java:1105) ~[spring-beans-5.0.7.RELEASE.jar:5.0.7.RELEASE]
	at org.springframework.beans.factory.support.AbstractAutowireCapableBeanFactory.doCreateBean(AbstractAutowireCapableBeanFactory.java:543) ~[spring-beans-5.0.7.RELEASE.jar:5.0.7.RELEASE]
	at org.springframework.beans.factory.support.AbstractAutowireCapableBeanFactory.createBean(AbstractAutowireCapableBeanFactory.java:503) ~[spring-beans-5.0.7.RELEASE.jar:5.0.7.RELEASE]
	at org.springframework.beans.factory.support.AbstractBeanFactory.lambda$doGetBean$0(AbstractBeanFactory.java:317) ~[spring-beans-5.0.7.RELEASE.jar:5.0.7.RELEASE]
	at org.springframework.beans.factory.support.DefaultSingletonBeanRegistry.getSingleton(DefaultSingletonBeanRegistry.java:222) ~[spring-beans-5.0.7.RELEASE.jar:5.0.7.RELEASE]
	at org.springframework.beans.factory.support.AbstractBeanFactory.doGetBean(AbstractBeanFactory.java:315) ~[spring-beans-5.0.7.RELEASE.jar:5.0.7.RELEASE]
	at org.springframework.beans.factory.support.AbstractBeanFactory.getBean(AbstractBeanFactory.java:199) ~[spring-beans-5.0.7.RELEASE.jar:5.0.7.RELEASE]
	at org.springframework.beans.factory.config.DependencyDescriptor.resolveCandidate(DependencyDescriptor.java:251) ~[spring-beans-5.0.7.RELEASE.jar:5.0.7.RELEASE]
	at org.springframework.beans.factory.support.DefaultListableBeanFactory.doResolveDependency(DefaultListableBeanFactory.java:1138) ~[spring-beans-5.0.7.RELEASE.jar:5.0.7.RELEASE]
	at org.springframework.beans.factory.support.DefaultListableBeanFactory.resolveDependency(DefaultListableBeanFactory.java:1065) ~[spring-beans-5.0.7.RELEASE.jar:5.0.7.RELEASE]
	at org.springframework.beans.factory.support.ConstructorResolver.resolveAutowiredArgument(ConstructorResolver.java:818) ~[spring-beans-5.0.7.RELEASE.jar:5.0.7.RELEASE]
	at org.springframework.beans.factory.support.ConstructorResolver.createArgumentArray(ConstructorResolver.java:724) ~[spring-beans-5.0.7.RELEASE.jar:5.0.7.RELEASE]
	... 45 common frames omitted
Caused by: org.springframework.beans.factory.BeanCreationException: Error creating bean with name 'jpaVendorAdapter' defined in class path resource [org/springframework/boot/autoconfigure/orm/jpa/HibernateJpaConfiguration.class]: Bean instantiation via factory method failed; nested exception is org.springframework.beans.BeanInstantiationException: Failed to instantiate [org.springframework.orm.jpa.JpaVendorAdapter]: Factory method 'jpaVendorAdapter' threw exception; nested exception is org.springframework.beans.factory.BeanCreationException: Error creating bean with name 'scopedTarget.dataSource' defined in class path resource [org/springframework/boot/autoconfigure/jdbc/DataSourceConfiguration$Hikari.class]: Bean instantiation via factory method failed; nested exception is org.springframework.beans.BeanInstantiationException: Failed to instantiate [com.zaxxer.hikari.HikariDataSource]: Factory method 'dataSource' threw exception; nested exception is org.springframework.boot.autoconfigure.jdbc.DataSourceProperties$DataSourceBeanCreationException: Failed to determine a suitable driver class
	at org.springframework.beans.factory.support.ConstructorResolver.instantiateUsingFactoryMethod(ConstructorResolver.java:590) ~[spring-beans-5.0.7.RELEASE.jar:5.0.7.RELEASE]
	at org.springframework.beans.factory.support.AbstractAutowireCapableBeanFactory.instantiateUsingFactoryMethod(AbstractAutowireCapableBeanFactory.java:1256) ~[spring-beans-5.0.7.RELEASE.jar:5.0.7.RELEASE]
	at org.springframework.beans.factory.support.AbstractAutowireCapableBeanFactory.createBeanInstance(AbstractAutowireCapableBeanFactory.java:1105) ~[spring-beans-5.0.7.RELEASE.jar:5.0.7.RELEASE]
	at org.springframework.beans.factory.support.AbstractAutowireCapableBeanFactory.doCreateBean(AbstractAutowireCapableBeanFactory.java:543) ~[spring-beans-5.0.7.RELEASE.jar:5.0.7.RELEASE]
	at org.springframework.beans.factory.support.AbstractAutowireCapableBeanFactory.createBean(AbstractAutowireCapableBeanFactory.java:503) ~[spring-beans-5.0.7.RELEASE.jar:5.0.7.RELEASE]
	at org.springframework.beans.factory.support.AbstractBeanFactory.lambda$doGetBean$0(AbstractBeanFactory.java:317) ~[spring-beans-5.0.7.RELEASE.jar:5.0.7.RELEASE]
	at org.springframework.beans.factory.support.DefaultSingletonBeanRegistry.getSingleton(DefaultSingletonBeanRegistry.java:222) ~[spring-beans-5.0.7.RELEASE.jar:5.0.7.RELEASE]
	at org.springframework.beans.factory.support.AbstractBeanFactory.doGetBean(AbstractBeanFactory.java:315) ~[spring-beans-5.0.7.RELEASE.jar:5.0.7.RELEASE]
	at org.springframework.beans.factory.support.AbstractBeanFactory.getBean(AbstractBeanFactory.java:199) ~[spring-beans-5.0.7.RELEASE.jar:5.0.7.RELEASE]
	at org.springframework.beans.factory.config.DependencyDescriptor.resolveCandidate(DependencyDescriptor.java:251) ~[spring-beans-5.0.7.RELEASE.jar:5.0.7.RELEASE]
	at org.springframework.beans.factory.support.DefaultListableBeanFactory.doResolveDependency(DefaultListableBeanFactory.java:1138) ~[spring-beans-5.0.7.RELEASE.jar:5.0.7.RELEASE]
	at org.springframework.beans.factory.support.DefaultListableBeanFactory.resolveDependency(DefaultListableBeanFactory.java:1065) ~[spring-beans-5.0.7.RELEASE.jar:5.0.7.RELEASE]
	at org.springframework.beans.factory.support.ConstructorResolver.resolveAutowiredArgument(ConstructorResolver.java:818) ~[spring-beans-5.0.7.RELEASE.jar:5.0.7.RELEASE]
	at org.springframework.beans.factory.support.ConstructorResolver.createArgumentArray(ConstructorResolver.java:724) ~[spring-beans-5.0.7.RELEASE.jar:5.0.7.RELEASE]
	... 59 common frames omitted
Caused by: org.springframework.beans.BeanInstantiationException: Failed to instantiate [org.springframework.orm.jpa.JpaVendorAdapter]: Factory method 'jpaVendorAdapter' threw exception; nested exception is org.springframework.beans.factory.BeanCreationException: Error creating bean with name 'scopedTarget.dataSource' defined in class path resource [org/springframework/boot/autoconfigure/jdbc/DataSourceConfiguration$Hikari.class]: Bean instantiation via factory method failed; nested exception is org.springframework.beans.BeanInstantiationException: Failed to instantiate [com.zaxxer.hikari.HikariDataSource]: Factory method 'dataSource' threw exception; nested exception is org.springframework.boot.autoconfigure.jdbc.DataSourceProperties$DataSourceBeanCreationException: Failed to determine a suitable driver class
	at org.springframework.beans.factory.support.SimpleInstantiationStrategy.instantiate(SimpleInstantiationStrategy.java:185) ~[spring-beans-5.0.7.RELEASE.jar:5.0.7.RELEASE]
	at org.springframework.beans.factory.support.ConstructorResolver.instantiateUsingFactoryMethod(ConstructorResolver.java:582) ~[spring-beans-5.0.7.RELEASE.jar:5.0.7.RELEASE]
	... 72 common frames omitted
Caused by: org.springframework.beans.factory.BeanCreationException: Error creating bean with name 'scopedTarget.dataSource' defined in class path resource [org/springframework/boot/autoconfigure/jdbc/DataSourceConfiguration$Hikari.class]: Bean instantiation via factory method failed; nested exception is org.springframework.beans.BeanInstantiationException: Failed to instantiate [com.zaxxer.hikari.HikariDataSource]: Factory method 'dataSource' threw exception; nested exception is org.springframework.boot.autoconfigure.jdbc.DataSourceProperties$DataSourceBeanCreationException: Failed to determine a suitable driver class
	at org.springframework.beans.factory.support.ConstructorResolver.instantiateUsingFactoryMethod(ConstructorResolver.java:590) ~[spring-beans-5.0.7.RELEASE.jar:5.0.7.RELEASE]
	at org.springframework.beans.factory.support.AbstractAutowireCapableBeanFactory.instantiateUsingFactoryMethod(AbstractAutowireCapableBeanFactory.java:1256) ~[spring-beans-5.0.7.RELEASE.jar:5.0.7.RELEASE]
	at org.springframework.beans.factory.support.AbstractAutowireCapableBeanFactory.createBeanInstance(AbstractAutowireCapableBeanFactory.java:1105) ~[spring-beans-5.0.7.RELEASE.jar:5.0.7.RELEASE]
	at org.springframework.beans.factory.support.AbstractAutowireCapableBeanFactory.doCreateBean(AbstractAutowireCapableBeanFactory.java:543) ~[spring-beans-5.0.7.RELEASE.jar:5.0.7.RELEASE]
	at org.springframework.beans.factory.support.AbstractAutowireCapableBeanFactory.createBean(AbstractAutowireCapableBeanFactory.java:503) ~[spring-beans-5.0.7.RELEASE.jar:5.0.7.RELEASE]
	at org.springframework.beans.factory.support.AbstractBeanFactory.lambda$doGetBean$1(AbstractBeanFactory.java:353) ~[spring-beans-5.0.7.RELEASE.jar:5.0.7.RELEASE]
	at org.springframework.cloud.context.scope.GenericScope$BeanLifecycleWrapper.getBean(GenericScope.java:390) ~[spring-cloud-context-2.0.0.RELEASE.jar:2.0.0.RELEASE]
	at org.springframework.cloud.context.scope.GenericScope.get(GenericScope.java:184) ~[spring-cloud-context-2.0.0.RELEASE.jar:2.0.0.RELEASE]
	at org.springframework.beans.factory.support.AbstractBeanFactory.doGetBean(AbstractBeanFactory.java:350) ~[spring-beans-5.0.7.RELEASE.jar:5.0.7.RELEASE]
	at org.springframework.beans.factory.support.AbstractBeanFactory.getBean(AbstractBeanFactory.java:199) ~[spring-beans-5.0.7.RELEASE.jar:5.0.7.RELEASE]
	at org.springframework.aop.target.SimpleBeanTargetSource.getTarget(SimpleBeanTargetSource.java:35) ~[spring-aop-5.0.7.RELEASE.jar:5.0.7.RELEASE]
	at org.springframework.aop.framework.CglibAopProxy$DynamicAdvisedInterceptor.intercept(CglibAopProxy.java:672) ~[spring-aop-5.0.7.RELEASE.jar:5.0.7.RELEASE]
	at com.zaxxer.hikari.HikariDataSource$$EnhancerBySpringCGLIB$$30d462cd.getTargetObject(<generated>) ~[HikariCP-2.7.9.jar:na]
	at org.springframework.transaction.support.TransactionSynchronizationUtils$ScopedProxyUnwrapper.unwrapIfNecessary(TransactionSynchronizationUtils.java:188) ~[spring-tx-5.0.7.RELEASE.jar:5.0.7.RELEASE]
	at org.springframework.transaction.support.TransactionSynchronizationUtils.unwrapResourceIfNecessary(TransactionSynchronizationUtils.java:71) ~[spring-tx-5.0.7.RELEASE.jar:5.0.7.RELEASE]
	at org.springframework.transaction.support.TransactionSynchronizationManager.getResource(TransactionSynchronizationManager.java:139) ~[spring-tx-5.0.7.RELEASE.jar:5.0.7.RELEASE]
	at org.springframework.jdbc.datasource.DataSourceUtils.doGetConnection(DataSourceUtils.java:103) ~[spring-jdbc-5.0.7.RELEASE.jar:5.0.7.RELEASE]
	at org.springframework.jdbc.datasource.DataSourceUtils.getConnection(DataSourceUtils.java:78) ~[spring-jdbc-5.0.7.RELEASE.jar:5.0.7.RELEASE]
	at org.springframework.jdbc.support.JdbcUtils.extractDatabaseMetaData(JdbcUtils.java:319) ~[spring-jdbc-5.0.7.RELEASE.jar:5.0.7.RELEASE]
	at org.springframework.jdbc.support.JdbcUtils.extractDatabaseMetaData(JdbcUtils.java:356) ~[spring-jdbc-5.0.7.RELEASE.jar:5.0.7.RELEASE]
	at org.springframework.boot.autoconfigure.orm.jpa.DatabaseLookup.getDatabase(DatabaseLookup.java:72) ~[spring-boot-autoconfigure-2.0.3.RELEASE.jar:2.0.3.RELEASE]
	at org.springframework.boot.autoconfigure.orm.jpa.JpaProperties.determineDatabase(JpaProperties.java:166) ~[spring-boot-autoconfigure-2.0.3.RELEASE.jar:2.0.3.RELEASE]
	at org.springframework.boot.autoconfigure.orm.jpa.JpaBaseConfiguration.jpaVendorAdapter(JpaBaseConfiguration.java:111) ~[spring-boot-autoconfigure-2.0.3.RELEASE.jar:2.0.3.RELEASE]
	at org.springframework.boot.autoconfigure.orm.jpa.HibernateJpaConfiguration$$EnhancerBySpringCGLIB$$d3cbd30c.CGLIB$jpaVendorAdapter$6(<generated>) ~[spring-boot-autoconfigure-2.0.3.RELEASE.jar:2.0.3.RELEASE]
	at org.springframework.boot.autoconfigure.orm.jpa.HibernateJpaConfiguration$$EnhancerBySpringCGLIB$$d3cbd30c$$FastClassBySpringCGLIB$$4ab56a5f.invoke(<generated>) ~[spring-boot-autoconfigure-2.0.3.RELEASE.jar:2.0.3.RELEASE]
	at org.springframework.cglib.proxy.MethodProxy.invokeSuper(MethodProxy.java:228) ~[spring-core-5.0.7.RELEASE.jar:5.0.7.RELEASE]
	at org.springframework.context.annotation.ConfigurationClassEnhancer$BeanMethodInterceptor.intercept(ConfigurationClassEnhancer.java:361) ~[spring-context-5.0.7.RELEASE.jar:5.0.7.RELEASE]
	at org.springframework.boot.autoconfigure.orm.jpa.HibernateJpaConfiguration$$EnhancerBySpringCGLIB$$d3cbd30c.jpaVendorAdapter(<generated>) ~[spring-boot-autoconfigure-2.0.3.RELEASE.jar:2.0.3.RELEASE]
	at sun.reflect.NativeMethodAccessorImpl.invoke0(Native Method) ~[na:1.8.0_144]
	at sun.reflect.NativeMethodAccessorImpl.invoke(NativeMethodAccessorImpl.java:62) ~[na:1.8.0_144]
	at sun.reflect.DelegatingMethodAccessorImpl.invoke(DelegatingMethodAccessorImpl.java:43) ~[na:1.8.0_144]
	at java.lang.reflect.Method.invoke(Method.java:498) ~[na:1.8.0_144]
	at org.springframework.beans.factory.support.SimpleInstantiationStrategy.instantiate(SimpleInstantiationStrategy.java:154) ~[spring-beans-5.0.7.RELEASE.jar:5.0.7.RELEASE]
	... 73 common frames omitted
Caused by: org.springframework.beans.BeanInstantiationException: Failed to instantiate [com.zaxxer.hikari.HikariDataSource]: Factory method 'dataSource' threw exception; nested exception is org.springframework.boot.autoconfigure.jdbc.DataSourceProperties$DataSourceBeanCreationException: Failed to determine a suitable driver class
	at org.springframework.beans.factory.support.SimpleInstantiationStrategy.instantiate(SimpleInstantiationStrategy.java:185) ~[spring-beans-5.0.7.RELEASE.jar:5.0.7.RELEASE]
	at org.springframework.beans.factory.support.ConstructorResolver.instantiateUsingFactoryMethod(ConstructorResolver.java:582) ~[spring-beans-5.0.7.RELEASE.jar:5.0.7.RELEASE]
	... 105 common frames omitted
Caused by: org.springframework.boot.autoconfigure.jdbc.DataSourceProperties$DataSourceBeanCreationException: Failed to determine a suitable driver class
	at org.springframework.boot.autoconfigure.jdbc.DataSourceProperties.determineDriverClassName(DataSourceProperties.java:236) ~[spring-boot-autoconfigure-2.0.3.RELEASE.jar:2.0.3.RELEASE]
	at org.springframework.boot.autoconfigure.jdbc.DataSourceProperties.initializeDataSourceBuilder(DataSourceProperties.java:176) ~[spring-boot-autoconfigure-2.0.3.RELEASE.jar:2.0.3.RELEASE]
	at org.springframework.boot.autoconfigure.jdbc.DataSourceConfiguration.createDataSource(DataSourceConfiguration.java:43) ~[spring-boot-autoconfigure-2.0.3.RELEASE.jar:2.0.3.RELEASE]
	at org.springframework.boot.autoconfigure.jdbc.DataSourceConfiguration$Hikari.dataSource(DataSourceConfiguration.java:81) ~[spring-boot-autoconfigure-2.0.3.RELEASE.jar:2.0.3.RELEASE]
	at sun.reflect.NativeMethodAccessorImpl.invoke0(Native Method) ~[na:1.8.0_144]
	at sun.reflect.NativeMethodAccessorImpl.invoke(NativeMethodAccessorImpl.java:62) ~[na:1.8.0_144]
	at sun.reflect.DelegatingMethodAccessorImpl.invoke(DelegatingMethodAccessorImpl.java:43) ~[na:1.8.0_144]
	at java.lang.reflect.Method.invoke(Method.java:498) ~[na:1.8.0_144]
	at org.springframework.beans.factory.support.SimpleInstantiationStrategy.instantiate(SimpleInstantiationStrategy.java:154) ~[spring-beans-5.0.7.RELEASE.jar:5.0.7.RELEASE]
	... 106 common frames omitted

]]></system-out>
  </testcase>
</testsuite>